Building DAG of jobs...
Using shell: /usr/bin/bash
Provided cluster nodes: 3000
Job stats:
job                  count
-----------------  -------
all                      1
condor_inputs           16
fast_condor             16
generate_heatmaps       18
total                   51

Select jobs to execute...

[Thu Nov  9 20:44:29 2023]
rule condor_inputs:
    input: /home/zhangh5/work/Tapestri_batch2/analysis/condor_pipeline/0-opt_nclones/M13.sample_sc_clone_assignment.updated.csv
    output: condor_inputs/M13/character_vaf_matrix.csv, condor_inputs/M13/character_bin_matrix.csv, condor_inputs/M13/alt_readcounts.csv, condor_inputs/M13/total_readcounts.csv, condor_inputs/M13/germline_mutations.txt, condor_inputs/M13/somatic_mutations.txt
    log: condor_inputs/M13/condor_inputs.log, condor_inputs/M13/condor_inputs.err.log
    jobid: 5
    reason: Missing output files: condor_inputs/M13/somatic_mutations.txt, condor_inputs/M13/total_readcounts.csv, condor_inputs/M13/character_vaf_matrix.csv, condor_inputs/M13/germline_mutations.txt, condor_inputs/M13/alt_readcounts.csv, condor_inputs/M13/character_bin_matrix.csv
    wildcards: dataset=M13
    threads: 4
    resources: mem_mb=8000, mem_mib=7630, disk_mb=1000, disk_mib=954, tmpdir=<TBD>, time_min=59

Submitted job 5 with external jobid '87359295 logs/cluster/condor_inputs/dataset=M13/jobid5_4ae7e9ec-16f4-4d01-9705-bc3ceb61733f.out'.

[Thu Nov  9 20:44:30 2023]
rule condor_inputs:
    input: /home/zhangh5/work/Tapestri_batch2/analysis/condor_pipeline/0-opt_nclones/RA19_02.sample_sc_clone_assignment.updated.csv
    output: condor_inputs/RA19_02/character_vaf_matrix.csv, condor_inputs/RA19_02/character_bin_matrix.csv, condor_inputs/RA19_02/alt_readcounts.csv, condor_inputs/RA19_02/total_readcounts.csv, condor_inputs/RA19_02/germline_mutations.txt, condor_inputs/RA19_02/somatic_mutations.txt
    log: condor_inputs/RA19_02/condor_inputs.log, condor_inputs/RA19_02/condor_inputs.err.log
    jobid: 12
    reason: Missing output files: condor_inputs/RA19_02/alt_readcounts.csv, condor_inputs/RA19_02/character_vaf_matrix.csv, condor_inputs/RA19_02/character_bin_matrix.csv, condor_inputs/RA19_02/germline_mutations.txt, condor_inputs/RA19_02/somatic_mutations.txt, condor_inputs/RA19_02/total_readcounts.csv
    wildcards: dataset=RA19_02
    threads: 4
    resources: mem_mb=8000, mem_mib=7630, disk_mb=1000, disk_mib=954, tmpdir=<TBD>, time_min=59

Submitted job 12 with external jobid '87359296 logs/cluster/condor_inputs/dataset=RA19_02/jobid12_78599b0f-7c7f-4017-a74b-6a469f005a25.out'.

[Thu Nov  9 20:44:30 2023]
rule condor_inputs:
    input: /home/zhangh5/work/Tapestri_batch2/analysis/condor_pipeline/0-opt_nclones/RA21_17.sample_sc_clone_assignment.updated.csv
    output: condor_inputs/RA21_17/character_vaf_matrix.csv, condor_inputs/RA21_17/character_bin_matrix.csv, condor_inputs/RA21_17/alt_readcounts.csv, condor_inputs/RA21_17/total_readcounts.csv, condor_inputs/RA21_17/germline_mutations.txt, condor_inputs/RA21_17/somatic_mutations.txt
    log: condor_inputs/RA21_17/condor_inputs.log, condor_inputs/RA21_17/condor_inputs.err.log
    jobid: 16
    reason: Missing output files: condor_inputs/RA21_17/alt_readcounts.csv, condor_inputs/RA21_17/somatic_mutations.txt, condor_inputs/RA21_17/germline_mutations.txt, condor_inputs/RA21_17/character_vaf_matrix.csv, condor_inputs/RA21_17/character_bin_matrix.csv, condor_inputs/RA21_17/total_readcounts.csv
    wildcards: dataset=RA21_17
    threads: 4
    resources: mem_mb=8000, mem_mib=7630, disk_mb=1000, disk_mib=954, tmpdir=<TBD>, time_min=59

Submitted job 16 with external jobid '87359297 logs/cluster/condor_inputs/dataset=RA21_17/jobid16_3e3130ad-dd3c-454e-bf66-e1fa478372ba.out'.

[Thu Nov  9 20:44:31 2023]
rule condor_inputs:
    input: /home/zhangh5/work/Tapestri_batch2/analysis/condor_pipeline/0-opt_nclones/RA19_10.sample_sc_clone_assignment.updated.csv
    output: condor_inputs/RA19_10/character_vaf_matrix.csv, condor_inputs/RA19_10/character_bin_matrix.csv, condor_inputs/RA19_10/alt_readcounts.csv, condor_inputs/RA19_10/total_readcounts.csv, condor_inputs/RA19_10/germline_mutations.txt, condor_inputs/RA19_10/somatic_mutations.txt
    log: condor_inputs/RA19_10/condor_inputs.log, condor_inputs/RA19_10/condor_inputs.err.log
    jobid: 13
    reason: Missing output files: condor_inputs/RA19_10/somatic_mutations.txt, condor_inputs/RA19_10/total_readcounts.csv, condor_inputs/RA19_10/germline_mutations.txt, condor_inputs/RA19_10/character_vaf_matrix.csv, condor_inputs/RA19_10/character_bin_matrix.csv, condor_inputs/RA19_10/alt_readcounts.csv
    wildcards: dataset=RA19_10
    threads: 4
    resources: mem_mb=8000, mem_mib=7630, disk_mb=1000, disk_mib=954, tmpdir=<TBD>, time_min=59

Submitted job 13 with external jobid '87359298 logs/cluster/condor_inputs/dataset=RA19_10/jobid13_85763f7d-438d-411c-acff-567db519d926.out'.

[Thu Nov  9 20:44:31 2023]
rule condor_inputs:
    input: /home/zhangh5/work/Tapestri_batch2/analysis/condor_pipeline/0-opt_nclones/M11.sample_sc_clone_assignment.updated.csv
    output: condor_inputs/M11/character_vaf_matrix.csv, condor_inputs/M11/character_bin_matrix.csv, condor_inputs/M11/alt_readcounts.csv, condor_inputs/M11/total_readcounts.csv, condor_inputs/M11/germline_mutations.txt, condor_inputs/M11/somatic_mutations.txt
    log: condor_inputs/M11/condor_inputs.log, condor_inputs/M11/condor_inputs.err.log
    jobid: 3
    reason: Missing output files: condor_inputs/M11/total_readcounts.csv, condor_inputs/M11/character_bin_matrix.csv, condor_inputs/M11/germline_mutations.txt, condor_inputs/M11/character_vaf_matrix.csv, condor_inputs/M11/alt_readcounts.csv, condor_inputs/M11/somatic_mutations.txt
    wildcards: dataset=M11
    threads: 4
    resources: mem_mb=8000, mem_mib=7630, disk_mb=1000, disk_mib=954, tmpdir=<TBD>, time_min=59

Submitted job 3 with external jobid '87359299 logs/cluster/condor_inputs/dataset=M11/jobid3_58ba2b11-8704-41a1-aac9-8e56c86478b9.out'.

[Thu Nov  9 20:44:31 2023]
rule condor_inputs:
    input: /home/zhangh5/work/Tapestri_batch2/analysis/condor_pipeline/0-opt_nclones/TP12.sample_sc_clone_assignment.updated.csv
    output: condor_inputs/TP12/character_vaf_matrix.csv, condor_inputs/TP12/character_bin_matrix.csv, condor_inputs/TP12/alt_readcounts.csv, condor_inputs/TP12/total_readcounts.csv, condor_inputs/TP12/germline_mutations.txt, condor_inputs/TP12/somatic_mutations.txt
    log: condor_inputs/TP12/condor_inputs.log, condor_inputs/TP12/condor_inputs.err.log
    jobid: 18
    reason: Missing output files: condor_inputs/TP12/character_vaf_matrix.csv, condor_inputs/TP12/character_bin_matrix.csv, condor_inputs/TP12/alt_readcounts.csv, condor_inputs/TP12/germline_mutations.txt, condor_inputs/TP12/total_readcounts.csv, condor_inputs/TP12/somatic_mutations.txt
    wildcards: dataset=TP12
    threads: 4
    resources: mem_mb=8000, mem_mib=7630, disk_mb=1000, disk_mib=954, tmpdir=<TBD>, time_min=59

Submitted job 18 with external jobid '87359300 logs/cluster/condor_inputs/dataset=TP12/jobid18_b335be83-3a95-408c-8a6b-01d23634fa64.out'.

[Thu Nov  9 20:44:31 2023]
rule condor_inputs:
    input: /home/zhangh5/work/Tapestri_batch2/analysis/condor_pipeline/0-opt_nclones/RA15_16.sample_sc_clone_assignment.updated.csv
    output: condor_inputs/RA15_16/character_vaf_matrix.csv, condor_inputs/RA15_16/character_bin_matrix.csv, condor_inputs/RA15_16/alt_readcounts.csv, condor_inputs/RA15_16/total_readcounts.csv, condor_inputs/RA15_16/germline_mutations.txt, condor_inputs/RA15_16/somatic_mutations.txt
    log: condor_inputs/RA15_16/condor_inputs.log, condor_inputs/RA15_16/condor_inputs.err.log
    jobid: 7
    reason: Missing output files: condor_inputs/RA15_16/somatic_mutations.txt, condor_inputs/RA15_16/germline_mutations.txt, condor_inputs/RA15_16/character_vaf_matrix.csv, condor_inputs/RA15_16/total_readcounts.csv, condor_inputs/RA15_16/alt_readcounts.csv, condor_inputs/RA15_16/character_bin_matrix.csv
    wildcards: dataset=RA15_16
    threads: 4
    resources: mem_mb=8000, mem_mib=7630, disk_mb=1000, disk_mib=954, tmpdir=<TBD>, time_min=59

Submitted job 7 with external jobid '87359301 logs/cluster/condor_inputs/dataset=RA15_16/jobid7_1b43fd47-4bb2-4a9f-a8ca-a8cce2e33fde.out'.

[Thu Nov  9 20:44:31 2023]
rule condor_inputs:
    input: /home/zhangh5/work/Tapestri_batch2/analysis/condor_pipeline/0-opt_nclones/M12.sample_sc_clone_assignment.updated.csv
    output: condor_inputs/M12/character_vaf_matrix.csv, condor_inputs/M12/character_bin_matrix.csv, condor_inputs/M12/alt_readcounts.csv, condor_inputs/M12/total_readcounts.csv, condor_inputs/M12/germline_mutations.txt, condor_inputs/M12/somatic_mutations.txt
    log: condor_inputs/M12/condor_inputs.log, condor_inputs/M12/condor_inputs.err.log
    jobid: 4
    reason: Missing output files: condor_inputs/M12/total_readcounts.csv, condor_inputs/M12/character_bin_matrix.csv, condor_inputs/M12/germline_mutations.txt, condor_inputs/M12/alt_readcounts.csv, condor_inputs/M12/character_vaf_matrix.csv, condor_inputs/M12/somatic_mutations.txt
    wildcards: dataset=M12
    threads: 4
    resources: mem_mb=8000, mem_mib=7630, disk_mb=1000, disk_mib=954, tmpdir=<TBD>, time_min=59

Submitted job 4 with external jobid '87359302 logs/cluster/condor_inputs/dataset=M12/jobid4_12400690-da42-44fc-a11a-dac2cbafe526.out'.

[Thu Nov  9 20:44:32 2023]
rule condor_inputs:
    input: /home/zhangh5/work/Tapestri_batch2/analysis/condor_pipeline/0-opt_nclones/RA16_29.sample_sc_clone_assignment.updated.csv
    output: condor_inputs/RA16_29/character_vaf_matrix.csv, condor_inputs/RA16_29/character_bin_matrix.csv, condor_inputs/RA16_29/alt_readcounts.csv, condor_inputs/RA16_29/total_readcounts.csv, condor_inputs/RA16_29/germline_mutations.txt, condor_inputs/RA16_29/somatic_mutations.txt
    log: condor_inputs/RA16_29/condor_inputs.log, condor_inputs/RA16_29/condor_inputs.err.log
    jobid: 9
    reason: Missing output files: condor_inputs/RA16_29/character_bin_matrix.csv, condor_inputs/RA16_29/total_readcounts.csv, condor_inputs/RA16_29/alt_readcounts.csv, condor_inputs/RA16_29/germline_mutations.txt, condor_inputs/RA16_29/character_vaf_matrix.csv, condor_inputs/RA16_29/somatic_mutations.txt
    wildcards: dataset=RA16_29
    threads: 4
    resources: mem_mb=8000, mem_mib=7630, disk_mb=1000, disk_mib=954, tmpdir=<TBD>, time_min=59

Submitted job 9 with external jobid '87359303 logs/cluster/condor_inputs/dataset=RA16_29/jobid9_1acf0ec7-e157-4b06-8462-8d089a5ab3f2.out'.

[Thu Nov  9 20:44:32 2023]
rule condor_inputs:
    input: /home/zhangh5/work/Tapestri_batch2/analysis/condor_pipeline/0-opt_nclones/RA19_21.sample_sc_clone_assignment.updated.csv
    output: condor_inputs/RA19_21/character_vaf_matrix.csv, condor_inputs/RA19_21/character_bin_matrix.csv, condor_inputs/RA19_21/alt_readcounts.csv, condor_inputs/RA19_21/total_readcounts.csv, condor_inputs/RA19_21/germline_mutations.txt, condor_inputs/RA19_21/somatic_mutations.txt
    log: condor_inputs/RA19_21/condor_inputs.log, condor_inputs/RA19_21/condor_inputs.err.log
    jobid: 14
    reason: Missing output files: condor_inputs/RA19_21/character_vaf_matrix.csv, condor_inputs/RA19_21/alt_readcounts.csv, condor_inputs/RA19_21/germline_mutations.txt, condor_inputs/RA19_21/somatic_mutations.txt, condor_inputs/RA19_21/character_bin_matrix.csv, condor_inputs/RA19_21/total_readcounts.csv
    wildcards: dataset=RA19_21
    threads: 4
    resources: mem_mb=8000, mem_mib=7630, disk_mb=1000, disk_mib=954, tmpdir=<TBD>, time_min=59

Submitted job 14 with external jobid '87359304 logs/cluster/condor_inputs/dataset=RA19_21/jobid14_8513c0b7-7aa8-4068-8a99-0055bd618686.out'.

[Thu Nov  9 20:44:32 2023]
rule condor_inputs:
    input: /home/zhangh5/work/Tapestri_batch2/analysis/condor_pipeline/0-opt_nclones/RA20_05.sample_sc_clone_assignment.updated.csv
    output: condor_inputs/RA20_05/character_vaf_matrix.csv, condor_inputs/RA20_05/character_bin_matrix.csv, condor_inputs/RA20_05/alt_readcounts.csv, condor_inputs/RA20_05/total_readcounts.csv, condor_inputs/RA20_05/germline_mutations.txt, condor_inputs/RA20_05/somatic_mutations.txt
    log: condor_inputs/RA20_05/condor_inputs.log, condor_inputs/RA20_05/condor_inputs.err.log
    jobid: 15
    reason: Missing output files: condor_inputs/RA20_05/somatic_mutations.txt, condor_inputs/RA20_05/character_vaf_matrix.csv, condor_inputs/RA20_05/total_readcounts.csv, condor_inputs/RA20_05/alt_readcounts.csv, condor_inputs/RA20_05/character_bin_matrix.csv, condor_inputs/RA20_05/germline_mutations.txt
    wildcards: dataset=RA20_05
    threads: 4
    resources: mem_mb=8000, mem_mib=7630, disk_mb=1000, disk_mib=954, tmpdir=<TBD>, time_min=59

Submitted job 15 with external jobid '87359305 logs/cluster/condor_inputs/dataset=RA20_05/jobid15_77aa007e-3c2c-4cc3-b6b4-f3113dad0093.out'.

[Thu Nov  9 20:44:32 2023]
rule condor_inputs:
    input: /home/zhangh5/work/Tapestri_batch2/analysis/condor_pipeline/0-opt_nclones/RA15_06.sample_sc_clone_assignment.updated.csv
    output: condor_inputs/RA15_06/character_vaf_matrix.csv, condor_inputs/RA15_06/character_bin_matrix.csv, condor_inputs/RA15_06/alt_readcounts.csv, condor_inputs/RA15_06/total_readcounts.csv, condor_inputs/RA15_06/germline_mutations.txt, condor_inputs/RA15_06/somatic_mutations.txt
    log: condor_inputs/RA15_06/condor_inputs.log, condor_inputs/RA15_06/condor_inputs.err.log
    jobid: 6
    reason: Missing output files: condor_inputs/RA15_06/total_readcounts.csv, condor_inputs/RA15_06/somatic_mutations.txt, condor_inputs/RA15_06/germline_mutations.txt, condor_inputs/RA15_06/character_vaf_matrix.csv, condor_inputs/RA15_06/character_bin_matrix.csv, condor_inputs/RA15_06/alt_readcounts.csv
    wildcards: dataset=RA15_06
    threads: 4
    resources: mem_mb=8000, mem_mib=7630, disk_mb=1000, disk_mib=954, tmpdir=<TBD>, time_min=59

Submitted job 6 with external jobid '87359306 logs/cluster/condor_inputs/dataset=RA15_06/jobid6_8ee6c686-5db2-4f40-b7a5-1aaa57960b46.out'.

[Thu Nov  9 20:44:33 2023]
rule condor_inputs:
    input: /home/zhangh5/work/Tapestri_batch2/analysis/condor_pipeline/0-opt_nclones/TP6.sample_sc_clone_assignment.updated.csv
    output: condor_inputs/TP6/character_vaf_matrix.csv, condor_inputs/TP6/character_bin_matrix.csv, condor_inputs/TP6/alt_readcounts.csv, condor_inputs/TP6/total_readcounts.csv, condor_inputs/TP6/germline_mutations.txt, condor_inputs/TP6/somatic_mutations.txt
    log: condor_inputs/TP6/condor_inputs.log, condor_inputs/TP6/condor_inputs.err.log
    jobid: 17
    reason: Missing output files: condor_inputs/TP6/total_readcounts.csv, condor_inputs/TP6/somatic_mutations.txt, condor_inputs/TP6/character_bin_matrix.csv, condor_inputs/TP6/alt_readcounts.csv, condor_inputs/TP6/germline_mutations.txt, condor_inputs/TP6/character_vaf_matrix.csv
    wildcards: dataset=TP6
    threads: 4
    resources: mem_mb=8000, mem_mib=7630, disk_mb=1000, disk_mib=954, tmpdir=<TBD>, time_min=59

Submitted job 17 with external jobid '87359307 logs/cluster/condor_inputs/dataset=TP6/jobid17_e1db22cf-89cf-430e-aecc-40120cf10736.out'.

[Thu Nov  9 20:44:33 2023]
rule condor_inputs:
    input: /home/zhangh5/work/Tapestri_batch2/analysis/condor_pipeline/0-opt_nclones/RA17_22.sample_sc_clone_assignment.updated.csv
    output: condor_inputs/RA17_22/character_vaf_matrix.csv, condor_inputs/RA17_22/character_bin_matrix.csv, condor_inputs/RA17_22/alt_readcounts.csv, condor_inputs/RA17_22/total_readcounts.csv, condor_inputs/RA17_22/germline_mutations.txt, condor_inputs/RA17_22/somatic_mutations.txt
    log: condor_inputs/RA17_22/condor_inputs.log, condor_inputs/RA17_22/condor_inputs.err.log
    jobid: 11
    reason: Missing output files: condor_inputs/RA17_22/alt_readcounts.csv, condor_inputs/RA17_22/total_readcounts.csv, condor_inputs/RA17_22/character_bin_matrix.csv, condor_inputs/RA17_22/germline_mutations.txt, condor_inputs/RA17_22/somatic_mutations.txt, condor_inputs/RA17_22/character_vaf_matrix.csv
    wildcards: dataset=RA17_22
    threads: 4
    resources: mem_mb=8000, mem_mib=7630, disk_mb=1000, disk_mib=954, tmpdir=<TBD>, time_min=59

Submitted job 11 with external jobid '87359308 logs/cluster/condor_inputs/dataset=RA17_22/jobid11_c22f9613-9b2c-4d73-961f-0975b805538f.out'.

[Thu Nov  9 20:44:33 2023]
rule condor_inputs:
    input: /home/zhangh5/work/Tapestri_batch2/analysis/condor_pipeline/0-opt_nclones/M07.sample_sc_clone_assignment.updated.csv
    output: condor_inputs/M07/character_vaf_matrix.csv, condor_inputs/M07/character_bin_matrix.csv, condor_inputs/M07/alt_readcounts.csv, condor_inputs/M07/total_readcounts.csv, condor_inputs/M07/germline_mutations.txt, condor_inputs/M07/somatic_mutations.txt
    log: condor_inputs/M07/condor_inputs.log, condor_inputs/M07/condor_inputs.err.log
    jobid: 2
    reason: Missing output files: condor_inputs/M07/character_vaf_matrix.csv, condor_inputs/M07/germline_mutations.txt, condor_inputs/M07/alt_readcounts.csv, condor_inputs/M07/character_bin_matrix.csv, condor_inputs/M07/somatic_mutations.txt, condor_inputs/M07/total_readcounts.csv
    wildcards: dataset=M07
    threads: 4
    resources: mem_mb=8000, mem_mib=7630, disk_mb=1000, disk_mib=954, tmpdir=<TBD>, time_min=59

Submitted job 2 with external jobid '87359309 logs/cluster/condor_inputs/dataset=M07/jobid2_5ba41348-909f-4eb2-babc-b9a008ca068d.out'.

[Thu Nov  9 20:44:33 2023]
rule condor_inputs:
    input: /home/zhangh5/work/Tapestri_batch2/analysis/condor_pipeline/0-opt_nclones/RA16_08.sample_sc_clone_assignment.updated.csv
    output: condor_inputs/RA16_08/character_vaf_matrix.csv, condor_inputs/RA16_08/character_bin_matrix.csv, condor_inputs/RA16_08/alt_readcounts.csv, condor_inputs/RA16_08/total_readcounts.csv, condor_inputs/RA16_08/germline_mutations.txt, condor_inputs/RA16_08/somatic_mutations.txt
    log: condor_inputs/RA16_08/condor_inputs.log, condor_inputs/RA16_08/condor_inputs.err.log
    jobid: 8
    reason: Missing output files: condor_inputs/RA16_08/germline_mutations.txt, condor_inputs/RA16_08/character_bin_matrix.csv, condor_inputs/RA16_08/total_readcounts.csv, condor_inputs/RA16_08/alt_readcounts.csv, condor_inputs/RA16_08/character_vaf_matrix.csv, condor_inputs/RA16_08/somatic_mutations.txt
    wildcards: dataset=RA16_08
    threads: 4
    resources: mem_mb=8000, mem_mib=7630, disk_mb=1000, disk_mib=954, tmpdir=<TBD>, time_min=59

Submitted job 8 with external jobid '87359311 logs/cluster/condor_inputs/dataset=RA16_08/jobid8_08163cbd-478c-4532-b21d-12e32aa30246.out'.
[Thu Nov  9 20:45:23 2023]
Finished job 5.
1 of 51 steps (2%) done
Select jobs to execute...

[Thu Nov  9 20:45:23 2023]
rule fast_condor:
    input: condor_inputs/M13/character_bin_matrix.csv, condor_inputs/M13/alt_readcounts.csv, condor_inputs/M13/total_readcounts.csv, condor_inputs/M13/germline_mutations.txt, condor_inputs/M13/somatic_mutations.txt
    output: condor_outputs/M13/out_tree.newick
    log: condor_outputs/M13/condor_outputs.log, condor_outputs/M13/condor_outputs.err.log
    jobid: 23
    reason: Missing output files: condor_outputs/M13/out_tree.newick, condor_outputs/M13/condor_outputs.log; Input files updated by another job: condor_inputs/M13/somatic_mutations.txt, condor_inputs/M13/total_readcounts.csv, condor_inputs/M13/germline_mutations.txt, condor_inputs/M13/alt_readcounts.csv, condor_inputs/M13/character_bin_matrix.csv
    wildcards: dataset=M13
    threads: 4
    resources: mem_mb=1000, mem_mib=954, disk_mb=1000, disk_mib=954, tmpdir=<TBD>, mem_gb=16, time_min=119

Submitted job 23 with external jobid '87359314 logs/cluster/fast_condor/dataset=M13/jobid23_76b0e133-e069-445b-86df-a860a14ddb63.out'.
[Thu Nov  9 20:45:24 2023]
Finished job 12.
2 of 51 steps (4%) done
[Thu Nov  9 20:45:24 2023]
Finished job 16.
3 of 51 steps (6%) done
[Thu Nov  9 20:45:24 2023]
Finished job 13.
4 of 51 steps (8%) done
[Thu Nov  9 20:45:24 2023]
Finished job 3.
5 of 51 steps (10%) done
[Thu Nov  9 20:45:24 2023]
Finished job 18.
6 of 51 steps (12%) done
[Thu Nov  9 20:45:24 2023]
Finished job 7.
7 of 51 steps (14%) done
[Thu Nov  9 20:45:24 2023]
Finished job 4.
8 of 51 steps (16%) done
[Thu Nov  9 20:45:24 2023]
Finished job 9.
9 of 51 steps (18%) done
Select jobs to execute...

[Thu Nov  9 20:45:24 2023]
rule fast_condor:
    input: condor_inputs/M11/character_bin_matrix.csv, condor_inputs/M11/alt_readcounts.csv, condor_inputs/M11/total_readcounts.csv, condor_inputs/M11/germline_mutations.txt, condor_inputs/M11/somatic_mutations.txt
    output: condor_outputs/M11/out_tree.newick
    log: condor_outputs/M11/condor_outputs.log, condor_outputs/M11/condor_outputs.err.log
    jobid: 21
    reason: Missing output files: condor_outputs/M11/out_tree.newick, condor_outputs/M11/condor_outputs.log; Input files updated by another job: condor_inputs/M11/total_readcounts.csv, condor_inputs/M11/alt_readcounts.csv, condor_inputs/M11/character_bin_matrix.csv, condor_inputs/M11/germline_mutations.txt, condor_inputs/M11/somatic_mutations.txt
    wildcards: dataset=M11
    threads: 4
    resources: mem_mb=1000, mem_mib=954, disk_mb=1000, disk_mib=954, tmpdir=<TBD>, mem_gb=16, time_min=119

Submitted job 21 with external jobid '87359315 logs/cluster/fast_condor/dataset=M11/jobid21_8eb78e6b-d689-4538-b5d5-8a584fe7a1c8.out'.

[Thu Nov  9 20:45:25 2023]
rule fast_condor:
    input: condor_inputs/RA19_02/character_bin_matrix.csv, condor_inputs/RA19_02/alt_readcounts.csv, condor_inputs/RA19_02/total_readcounts.csv, condor_inputs/RA19_02/germline_mutations.txt, condor_inputs/RA19_02/somatic_mutations.txt
    output: condor_outputs/RA19_02/out_tree.newick
    log: condor_outputs/RA19_02/condor_outputs.log, condor_outputs/RA19_02/condor_outputs.err.log
    jobid: 30
    reason: Missing output files: condor_outputs/RA19_02/condor_outputs.log, condor_outputs/RA19_02/out_tree.newick; Input files updated by another job: condor_inputs/RA19_02/alt_readcounts.csv, condor_inputs/RA19_02/character_bin_matrix.csv, condor_inputs/RA19_02/germline_mutations.txt, condor_inputs/RA19_02/somatic_mutations.txt, condor_inputs/RA19_02/total_readcounts.csv
    wildcards: dataset=RA19_02
    threads: 4
    resources: mem_mb=1000, mem_mib=954, disk_mb=1000, disk_mib=954, tmpdir=<TBD>, mem_gb=16, time_min=119

Submitted job 30 with external jobid '87359316 logs/cluster/fast_condor/dataset=RA19_02/jobid30_d3ba5455-52e9-449c-8176-41cb1ff4c2db.out'.

[Thu Nov  9 20:45:25 2023]
rule fast_condor:
    input: condor_inputs/RA21_17/character_bin_matrix.csv, condor_inputs/RA21_17/alt_readcounts.csv, condor_inputs/RA21_17/total_readcounts.csv, condor_inputs/RA21_17/germline_mutations.txt, condor_inputs/RA21_17/somatic_mutations.txt
    output: condor_outputs/RA21_17/out_tree.newick
    log: condor_outputs/RA21_17/condor_outputs.log, condor_outputs/RA21_17/condor_outputs.err.log
    jobid: 34
    reason: Missing output files: condor_outputs/RA21_17/out_tree.newick, condor_outputs/RA21_17/condor_outputs.log; Input files updated by another job: condor_inputs/RA21_17/germline_mutations.txt, condor_inputs/RA21_17/character_bin_matrix.csv, condor_inputs/RA21_17/alt_readcounts.csv, condor_inputs/RA21_17/somatic_mutations.txt, condor_inputs/RA21_17/total_readcounts.csv
    wildcards: dataset=RA21_17
    threads: 4
    resources: mem_mb=1000, mem_mib=954, disk_mb=1000, disk_mib=954, tmpdir=<TBD>, mem_gb=16, time_min=119

Submitted job 34 with external jobid '87359317 logs/cluster/fast_condor/dataset=RA21_17/jobid34_40fc1b1a-d942-4fe6-969a-987ec830a5d8.out'.

[Thu Nov  9 20:45:25 2023]
rule fast_condor:
    input: condor_inputs/TP12/character_bin_matrix.csv, condor_inputs/TP12/alt_readcounts.csv, condor_inputs/TP12/total_readcounts.csv, condor_inputs/TP12/germline_mutations.txt, condor_inputs/TP12/somatic_mutations.txt
    output: condor_outputs/TP12/out_tree.newick
    log: condor_outputs/TP12/condor_outputs.log, condor_outputs/TP12/condor_outputs.err.log
    jobid: 36
    reason: Missing output files: condor_outputs/TP12/out_tree.newick, condor_outputs/TP12/condor_outputs.log; Input files updated by another job: condor_inputs/TP12/alt_readcounts.csv, condor_inputs/TP12/germline_mutations.txt, condor_inputs/TP12/total_readcounts.csv, condor_inputs/TP12/character_bin_matrix.csv, condor_inputs/TP12/somatic_mutations.txt
    wildcards: dataset=TP12
    threads: 4
    resources: mem_mb=1000, mem_mib=954, disk_mb=1000, disk_mib=954, tmpdir=<TBD>, mem_gb=16, time_min=119

Submitted job 36 with external jobid '87359318 logs/cluster/fast_condor/dataset=TP12/jobid36_a8407363-3ec9-464c-a27b-a5f7e791a261.out'.

[Thu Nov  9 20:45:25 2023]
rule fast_condor:
    input: condor_inputs/M12/character_bin_matrix.csv, condor_inputs/M12/alt_readcounts.csv, condor_inputs/M12/total_readcounts.csv, condor_inputs/M12/germline_mutations.txt, condor_inputs/M12/somatic_mutations.txt
    output: condor_outputs/M12/out_tree.newick
    log: condor_outputs/M12/condor_outputs.log, condor_outputs/M12/condor_outputs.err.log
    jobid: 22
    reason: Missing output files: condor_outputs/M12/condor_outputs.log, condor_outputs/M12/out_tree.newick; Input files updated by another job: condor_inputs/M12/character_bin_matrix.csv, condor_inputs/M12/germline_mutations.txt, condor_inputs/M12/somatic_mutations.txt, condor_inputs/M12/total_readcounts.csv, condor_inputs/M12/alt_readcounts.csv
    wildcards: dataset=M12
    threads: 4
    resources: mem_mb=1000, mem_mib=954, disk_mb=1000, disk_mib=954, tmpdir=<TBD>, mem_gb=16, time_min=119

Submitted job 22 with external jobid '87359319 logs/cluster/fast_condor/dataset=M12/jobid22_9df6e542-3dff-4868-816f-bf44026b3cc6.out'.

[Thu Nov  9 20:45:25 2023]
rule fast_condor:
    input: condor_inputs/RA19_10/character_bin_matrix.csv, condor_inputs/RA19_10/alt_readcounts.csv, condor_inputs/RA19_10/total_readcounts.csv, condor_inputs/RA19_10/germline_mutations.txt, condor_inputs/RA19_10/somatic_mutations.txt
    output: condor_outputs/RA19_10/out_tree.newick
    log: condor_outputs/RA19_10/condor_outputs.log, condor_outputs/RA19_10/condor_outputs.err.log
    jobid: 31
    reason: Missing output files: condor_outputs/RA19_10/out_tree.newick, condor_outputs/RA19_10/condor_outputs.log; Input files updated by another job: condor_inputs/RA19_10/total_readcounts.csv, condor_inputs/RA19_10/germline_mutations.txt, condor_inputs/RA19_10/character_bin_matrix.csv, condor_inputs/RA19_10/somatic_mutations.txt, condor_inputs/RA19_10/alt_readcounts.csv
    wildcards: dataset=RA19_10
    threads: 4
    resources: mem_mb=1000, mem_mib=954, disk_mb=1000, disk_mib=954, tmpdir=<TBD>, mem_gb=16, time_min=119

Submitted job 31 with external jobid '87359320 logs/cluster/fast_condor/dataset=RA19_10/jobid31_d27e6d8d-a7fc-4b4b-87c5-62bd4cc2f19a.out'.

[Thu Nov  9 20:45:26 2023]
rule fast_condor:
    input: condor_inputs/RA15_16/character_bin_matrix.csv, condor_inputs/RA15_16/alt_readcounts.csv, condor_inputs/RA15_16/total_readcounts.csv, condor_inputs/RA15_16/germline_mutations.txt, condor_inputs/RA15_16/somatic_mutations.txt
    output: condor_outputs/RA15_16/out_tree.newick
    log: condor_outputs/RA15_16/condor_outputs.log, condor_outputs/RA15_16/condor_outputs.err.log
    jobid: 25
    reason: Missing output files: condor_outputs/RA15_16/condor_outputs.log, condor_outputs/RA15_16/out_tree.newick; Input files updated by another job: condor_inputs/RA15_16/total_readcounts.csv, condor_inputs/RA15_16/somatic_mutations.txt, condor_inputs/RA15_16/germline_mutations.txt, condor_inputs/RA15_16/character_bin_matrix.csv, condor_inputs/RA15_16/alt_readcounts.csv
    wildcards: dataset=RA15_16
    threads: 4
    resources: mem_mb=1000, mem_mib=954, disk_mb=1000, disk_mib=954, tmpdir=<TBD>, mem_gb=16, time_min=119

Submitted job 25 with external jobid '87359321 logs/cluster/fast_condor/dataset=RA15_16/jobid25_d9238e7e-f479-42e3-865b-212c9dd76d3a.out'.

[Thu Nov  9 20:45:26 2023]
rule fast_condor:
    input: condor_inputs/RA16_29/character_bin_matrix.csv, condor_inputs/RA16_29/alt_readcounts.csv, condor_inputs/RA16_29/total_readcounts.csv, condor_inputs/RA16_29/germline_mutations.txt, condor_inputs/RA16_29/somatic_mutations.txt
    output: condor_outputs/RA16_29/out_tree.newick
    log: condor_outputs/RA16_29/condor_outputs.log, condor_outputs/RA16_29/condor_outputs.err.log
    jobid: 27
    reason: Missing output files: condor_outputs/RA16_29/condor_outputs.log, condor_outputs/RA16_29/out_tree.newick; Input files updated by another job: condor_inputs/RA16_29/somatic_mutations.txt, condor_inputs/RA16_29/germline_mutations.txt, condor_inputs/RA16_29/character_bin_matrix.csv, condor_inputs/RA16_29/total_readcounts.csv, condor_inputs/RA16_29/alt_readcounts.csv
    wildcards: dataset=RA16_29
    threads: 4
    resources: mem_mb=1000, mem_mib=954, disk_mb=1000, disk_mib=954, tmpdir=<TBD>, mem_gb=16, time_min=119

Submitted job 27 with external jobid '87359322 logs/cluster/fast_condor/dataset=RA16_29/jobid27_e7229105-4e43-45e2-9951-eda7411460f0.out'.
[Thu Nov  9 20:45:26 2023]
Finished job 14.
10 of 51 steps (20%) done
[Thu Nov  9 20:45:26 2023]
Finished job 15.
11 of 51 steps (22%) done
[Thu Nov  9 20:45:26 2023]
Finished job 6.
12 of 51 steps (24%) done
[Thu Nov  9 20:45:26 2023]
Finished job 17.
13 of 51 steps (25%) done
[Thu Nov  9 20:45:26 2023]
Finished job 11.
14 of 51 steps (27%) done
[Thu Nov  9 20:45:26 2023]
Finished job 2.
15 of 51 steps (29%) done
[Thu Nov  9 20:45:26 2023]
Finished job 8.
16 of 51 steps (31%) done
Select jobs to execute...

[Thu Nov  9 20:45:26 2023]
rule fast_condor:
    input: condor_inputs/RA17_22/character_bin_matrix.csv, condor_inputs/RA17_22/alt_readcounts.csv, condor_inputs/RA17_22/total_readcounts.csv, condor_inputs/RA17_22/germline_mutations.txt, condor_inputs/RA17_22/somatic_mutations.txt
    output: condor_outputs/RA17_22/out_tree.newick
    log: condor_outputs/RA17_22/condor_outputs.log, condor_outputs/RA17_22/condor_outputs.err.log
    jobid: 29
    reason: Missing output files: condor_outputs/RA17_22/out_tree.newick, condor_outputs/RA17_22/condor_outputs.log; Input files updated by another job: condor_inputs/RA17_22/character_bin_matrix.csv, condor_inputs/RA17_22/germline_mutations.txt, condor_inputs/RA17_22/somatic_mutations.txt, condor_inputs/RA17_22/alt_readcounts.csv, condor_inputs/RA17_22/total_readcounts.csv
    wildcards: dataset=RA17_22
    threads: 4
    resources: mem_mb=1000, mem_mib=954, disk_mb=1000, disk_mib=954, tmpdir=<TBD>, mem_gb=16, time_min=119

Submitted job 29 with external jobid '87359323 logs/cluster/fast_condor/dataset=RA17_22/jobid29_6ae02e11-7ccb-4ded-984f-a907b7827e76.out'.

[Thu Nov  9 20:45:26 2023]
rule fast_condor:
    input: condor_inputs/RA19_21/character_bin_matrix.csv, condor_inputs/RA19_21/alt_readcounts.csv, condor_inputs/RA19_21/total_readcounts.csv, condor_inputs/RA19_21/germline_mutations.txt, condor_inputs/RA19_21/somatic_mutations.txt
    output: condor_outputs/RA19_21/out_tree.newick
    log: condor_outputs/RA19_21/condor_outputs.log, condor_outputs/RA19_21/condor_outputs.err.log
    jobid: 32
    reason: Missing output files: condor_outputs/RA19_21/out_tree.newick, condor_outputs/RA19_21/condor_outputs.log; Input files updated by another job: condor_inputs/RA19_21/somatic_mutations.txt, condor_inputs/RA19_21/alt_readcounts.csv, condor_inputs/RA19_21/character_bin_matrix.csv, condor_inputs/RA19_21/germline_mutations.txt, condor_inputs/RA19_21/total_readcounts.csv
    wildcards: dataset=RA19_21
    threads: 4
    resources: mem_mb=1000, mem_mib=954, disk_mb=1000, disk_mib=954, tmpdir=<TBD>, mem_gb=16, time_min=119

Submitted job 32 with external jobid '87359324 logs/cluster/fast_condor/dataset=RA19_21/jobid32_fcc16795-64d3-4338-9cf1-0baa2d1dff16.out'.

[Thu Nov  9 20:45:27 2023]
rule fast_condor:
    input: condor_inputs/RA16_08/character_bin_matrix.csv, condor_inputs/RA16_08/alt_readcounts.csv, condor_inputs/RA16_08/total_readcounts.csv, condor_inputs/RA16_08/germline_mutations.txt, condor_inputs/RA16_08/somatic_mutations.txt
    output: condor_outputs/RA16_08/out_tree.newick
    log: condor_outputs/RA16_08/condor_outputs.log, condor_outputs/RA16_08/condor_outputs.err.log
    jobid: 26
    reason: Missing output files: condor_outputs/RA16_08/out_tree.newick, condor_outputs/RA16_08/condor_outputs.log; Input files updated by another job: condor_inputs/RA16_08/total_readcounts.csv, condor_inputs/RA16_08/germline_mutations.txt, condor_inputs/RA16_08/alt_readcounts.csv, condor_inputs/RA16_08/character_bin_matrix.csv, condor_inputs/RA16_08/somatic_mutations.txt
    wildcards: dataset=RA16_08
    threads: 4
    resources: mem_mb=1000, mem_mib=954, disk_mb=1000, disk_mib=954, tmpdir=<TBD>, mem_gb=16, time_min=119

Submitted job 26 with external jobid '87359325 logs/cluster/fast_condor/dataset=RA16_08/jobid26_b9671a7c-9186-4939-adce-ed6a80cb42f4.out'.

[Thu Nov  9 20:45:27 2023]
rule fast_condor:
    input: condor_inputs/M07/character_bin_matrix.csv, condor_inputs/M07/alt_readcounts.csv, condor_inputs/M07/total_readcounts.csv, condor_inputs/M07/germline_mutations.txt, condor_inputs/M07/somatic_mutations.txt
    output: condor_outputs/M07/out_tree.newick
    log: condor_outputs/M07/condor_outputs.log, condor_outputs/M07/condor_outputs.err.log
    jobid: 20
    reason: Missing output files: condor_outputs/M07/out_tree.newick, condor_outputs/M07/condor_outputs.log; Input files updated by another job: condor_inputs/M07/germline_mutations.txt, condor_inputs/M07/character_bin_matrix.csv, condor_inputs/M07/somatic_mutations.txt, condor_inputs/M07/alt_readcounts.csv, condor_inputs/M07/total_readcounts.csv
    wildcards: dataset=M07
    threads: 4
    resources: mem_mb=1000, mem_mib=954, disk_mb=1000, disk_mib=954, tmpdir=<TBD>, mem_gb=16, time_min=119

Submitted job 20 with external jobid '87359326 logs/cluster/fast_condor/dataset=M07/jobid20_708aeebc-d19a-4d27-815c-60ae0b3e0923.out'.

[Thu Nov  9 20:45:27 2023]
rule fast_condor:
    input: condor_inputs/RA15_06/character_bin_matrix.csv, condor_inputs/RA15_06/alt_readcounts.csv, condor_inputs/RA15_06/total_readcounts.csv, condor_inputs/RA15_06/germline_mutations.txt, condor_inputs/RA15_06/somatic_mutations.txt
    output: condor_outputs/RA15_06/out_tree.newick
    log: condor_outputs/RA15_06/condor_outputs.log, condor_outputs/RA15_06/condor_outputs.err.log
    jobid: 24
    reason: Missing output files: condor_outputs/RA15_06/out_tree.newick, condor_outputs/RA15_06/condor_outputs.log; Input files updated by another job: condor_inputs/RA15_06/total_readcounts.csv, condor_inputs/RA15_06/somatic_mutations.txt, condor_inputs/RA15_06/germline_mutations.txt, condor_inputs/RA15_06/alt_readcounts.csv, condor_inputs/RA15_06/character_bin_matrix.csv
    wildcards: dataset=RA15_06
    threads: 4
    resources: mem_mb=1000, mem_mib=954, disk_mb=1000, disk_mib=954, tmpdir=<TBD>, mem_gb=16, time_min=119

Submitted job 24 with external jobid '87359327 logs/cluster/fast_condor/dataset=RA15_06/jobid24_33860bf9-5454-4a5b-af27-856b421936de.out'.

[Thu Nov  9 20:45:27 2023]
rule fast_condor:
    input: condor_inputs/RA20_05/character_bin_matrix.csv, condor_inputs/RA20_05/alt_readcounts.csv, condor_inputs/RA20_05/total_readcounts.csv, condor_inputs/RA20_05/germline_mutations.txt, condor_inputs/RA20_05/somatic_mutations.txt
    output: condor_outputs/RA20_05/out_tree.newick
    log: condor_outputs/RA20_05/condor_outputs.log, condor_outputs/RA20_05/condor_outputs.err.log
    jobid: 33
    reason: Missing output files: condor_outputs/RA20_05/condor_outputs.log, condor_outputs/RA20_05/out_tree.newick; Input files updated by another job: condor_inputs/RA20_05/somatic_mutations.txt, condor_inputs/RA20_05/total_readcounts.csv, condor_inputs/RA20_05/alt_readcounts.csv, condor_inputs/RA20_05/character_bin_matrix.csv, condor_inputs/RA20_05/germline_mutations.txt
    wildcards: dataset=RA20_05
    threads: 4
    resources: mem_mb=1000, mem_mib=954, disk_mb=1000, disk_mib=954, tmpdir=<TBD>, mem_gb=16, time_min=119

Submitted job 33 with external jobid '87359328 logs/cluster/fast_condor/dataset=RA20_05/jobid33_50c24787-1a15-4fe8-aa9c-ee71fc0eb16f.out'.

[Thu Nov  9 20:45:28 2023]
rule fast_condor:
    input: condor_inputs/TP6/character_bin_matrix.csv, condor_inputs/TP6/alt_readcounts.csv, condor_inputs/TP6/total_readcounts.csv, condor_inputs/TP6/germline_mutations.txt, condor_inputs/TP6/somatic_mutations.txt
    output: condor_outputs/TP6/out_tree.newick
    log: condor_outputs/TP6/condor_outputs.log, condor_outputs/TP6/condor_outputs.err.log
    jobid: 35
    reason: Missing output files: condor_outputs/TP6/condor_outputs.log, condor_outputs/TP6/out_tree.newick; Input files updated by another job: condor_inputs/TP6/total_readcounts.csv, condor_inputs/TP6/character_bin_matrix.csv, condor_inputs/TP6/alt_readcounts.csv, condor_inputs/TP6/somatic_mutations.txt, condor_inputs/TP6/germline_mutations.txt
    wildcards: dataset=TP6
    threads: 4
    resources: mem_mb=1000, mem_mib=954, disk_mb=1000, disk_mib=954, tmpdir=<TBD>, mem_gb=16, time_min=119

Submitted job 35 with external jobid '87359329 logs/cluster/fast_condor/dataset=TP6/jobid35_39331ab1-4b50-47db-906a-8054ead8e5ae.out'.
[Thu Nov  9 20:45:57 2023]
Finished job 23.
17 of 51 steps (33%) done
[Thu Nov  9 20:45:57 2023]
Finished job 21.
18 of 51 steps (35%) done
[Thu Nov  9 20:45:57 2023]
Finished job 30.
19 of 51 steps (37%) done
[Thu Nov  9 20:45:57 2023]
Finished job 36.
20 of 51 steps (39%) done
[Thu Nov  9 20:45:57 2023]
Finished job 22.
21 of 51 steps (41%) done
[Thu Nov  9 20:45:57 2023]
Finished job 31.
22 of 51 steps (43%) done
[Thu Nov  9 20:45:57 2023]
Finished job 25.
23 of 51 steps (45%) done
[Thu Nov  9 20:45:57 2023]
Finished job 32.
24 of 51 steps (47%) done
[Thu Nov  9 20:45:57 2023]
Finished job 20.
25 of 51 steps (49%) done
[Thu Nov  9 20:45:57 2023]
Finished job 24.
26 of 51 steps (51%) done
[Thu Nov  9 20:45:58 2023]
Finished job 33.
27 of 51 steps (53%) done
[Thu Nov  9 20:45:58 2023]
Finished job 35.
28 of 51 steps (55%) done
[Thu Nov  9 20:46:08 2023]
Finished job 34.
29 of 51 steps (57%) done
[Thu Nov  9 20:46:08 2023]
Finished job 27.
30 of 51 steps (59%) done
[Thu Nov  9 20:46:08 2023]
Finished job 29.
31 of 51 steps (61%) done
[Thu Nov  9 20:48:00 2023]
Error in rule fast_condor:
    jobid: 26
    input: condor_inputs/RA16_08/character_bin_matrix.csv, condor_inputs/RA16_08/alt_readcounts.csv, condor_inputs/RA16_08/total_readcounts.csv, condor_inputs/RA16_08/germline_mutations.txt, condor_inputs/RA16_08/somatic_mutations.txt
    output: condor_outputs/RA16_08/out_tree.newick
    log: condor_outputs/RA16_08/condor_outputs.log, condor_outputs/RA16_08/condor_outputs.err.log (check log file(s) for error details)
    conda-env: condor
    shell:
        
		python /home/zhangh5/work/Tapestri_batch2/analysis/full-ConDoR/fast-ConDoR/src/fast-condor.py 			-i condor_inputs/RA16_08/character_bin_matrix.csv 			-r condor_inputs/RA16_08/total_readcounts.csv 			-v condor_inputs/RA16_08/alt_readcounts.csv 			-s condor_inputs/RA16_08/germline_mutations.txt 			-s2 condor_inputs/RA16_08/somatic_mutations.txt 			-o condor_outputs/RA16_08/out 			-m /home/zhangh5/work/Tapestri_batch2/analysis/full-ConDoR/references/amplicon_panel.csv 			-c /home/zhangh5/work/Tapestri_batch2/batch2_data_compiled/SNV_FILLOUT_results/ 			-d RA16_08 			1> condor_outputs/RA16_08/condor_outputs.log 2> condor_outputs/RA16_08/condor_outputs.err.log
		
        (one of the commands exited with non-zero exit code; note that snakemake uses bash strict mode!)
    cluster_jobid: 87359325 logs/cluster/fast_condor/dataset=RA16_08/jobid26_b9671a7c-9186-4939-adce-ed6a80cb42f4.out

Error executing rule fast_condor on cluster (jobid: 26, external: 87359325 logs/cluster/fast_condor/dataset=RA16_08/jobid26_b9671a7c-9186-4939-adce-ed6a80cb42f4.out, jobscript: /juno/work/iacobuzc/haochen/Tapestri_batch2/analysis/condor_pipeline/.snakemake/tmp.tqdjvgzs/snakejob.fast_condor.26.sh). For error details see the cluster log and the log files of the involved rule(s).
Trying to restart job 26.
Select jobs to execute...

[Thu Nov  9 20:48:00 2023]
rule fast_condor:
    input: condor_inputs/RA16_08/character_bin_matrix.csv, condor_inputs/RA16_08/alt_readcounts.csv, condor_inputs/RA16_08/total_readcounts.csv, condor_inputs/RA16_08/germline_mutations.txt, condor_inputs/RA16_08/somatic_mutations.txt
    output: condor_outputs/RA16_08/out_tree.newick
    log: condor_outputs/RA16_08/condor_outputs.log, condor_outputs/RA16_08/condor_outputs.err.log
    jobid: 26
    reason: Missing output files: condor_outputs/RA16_08/out_tree.newick, condor_outputs/RA16_08/condor_outputs.log; Input files updated by another job: condor_inputs/RA16_08/total_readcounts.csv, condor_inputs/RA16_08/germline_mutations.txt, condor_inputs/RA16_08/alt_readcounts.csv, condor_inputs/RA16_08/character_bin_matrix.csv, condor_inputs/RA16_08/somatic_mutations.txt
    wildcards: dataset=RA16_08
    threads: 8
    resources: mem_mb=1000, mem_mib=954, disk_mb=1000, disk_mib=954, tmpdir=<TBD>, mem_gb=16, time_min=238

Submitted job 26 with external jobid '87359332 logs/cluster/fast_condor/dataset=RA16_08/jobid26_ee051855-9d6b-474d-95d4-ec8bd1c97ed6.out'.
[Thu Nov  9 20:51:23 2023]
Finished job 26.
32 of 51 steps (63%) done
Select jobs to execute...

[Thu Nov  9 20:51:23 2023]
rule generate_heatmaps:
    input: condor_outputs/M04/condor_outputs.log, condor_outputs/M07/condor_outputs.log, condor_outputs/M11/condor_outputs.log, condor_outputs/M12/condor_outputs.log, condor_outputs/M13/condor_outputs.log, condor_outputs/RA15_06/condor_outputs.log, condor_outputs/RA15_16/condor_outputs.log, condor_outputs/RA16_08/condor_outputs.log, condor_outputs/RA16_29/condor_outputs.log, condor_outputs/RA17_13/condor_outputs.log, condor_outputs/RA17_22/condor_outputs.log, condor_outputs/RA19_02/condor_outputs.log, condor_outputs/RA19_10/condor_outputs.log, condor_outputs/RA19_21/condor_outputs.log, condor_outputs/RA20_05/condor_outputs.log, condor_outputs/RA21_17/condor_outputs.log, condor_outputs/TP6/condor_outputs.log, condor_outputs/TP12/condor_outputs.log, condor_inputs/M04/character_vaf_matrix.csv, condor_inputs/M04/alt_readcounts.csv, condor_inputs/M04/total_readcounts.csv, condor_inputs/M04/character_bin_matrix.csv, condor_inputs/M04/germline_mutations.txt, condor_inputs/M04/somatic_mutations.txt
    output: condor_outputs/M04/heatmaps/vaf_heatmap.png, condor_outputs/M04/heatmaps/condor_solution_heatmap.png
    log: condor_outputs/M04/heatmaps/heatmaps.log, condor_outputs/M04/heatmaps/heatmaps.err.log
    jobid: 37
    reason: Input files updated by another job: condor_outputs/M12/condor_outputs.log, condor_outputs/RA16_29/condor_outputs.log, condor_outputs/RA19_02/condor_outputs.log, condor_outputs/M13/condor_outputs.log, condor_outputs/RA17_22/condor_outputs.log, condor_outputs/RA19_10/condor_outputs.log, condor_outputs/RA21_17/condor_outputs.log, condor_outputs/RA20_05/condor_outputs.log, condor_outputs/RA16_08/condor_outputs.log, condor_outputs/M07/condor_outputs.log, condor_outputs/TP12/condor_outputs.log, condor_outputs/RA19_21/condor_outputs.log, condor_outputs/RA15_06/condor_outputs.log, condor_outputs/TP6/condor_outputs.log, condor_outputs/M11/condor_outputs.log, condor_outputs/RA15_16/condor_outputs.log; Set of input files has changed since last execution
    wildcards: dataset=M04
    threads: 4
    resources: mem_mb=8000, mem_mib=7630, disk_mb=1000, disk_mib=954, tmpdir=<TBD>, time_min=59

Submitted job 37 with external jobid '87359335 logs/cluster/generate_heatmaps/dataset=M04/jobid37_0ef27c40-5c24-46bf-b093-c907874937d9.out'.

[Thu Nov  9 20:51:24 2023]
rule generate_heatmaps:
    input: condor_outputs/M04/condor_outputs.log, condor_outputs/M07/condor_outputs.log, condor_outputs/M11/condor_outputs.log, condor_outputs/M12/condor_outputs.log, condor_outputs/M13/condor_outputs.log, condor_outputs/RA15_06/condor_outputs.log, condor_outputs/RA15_16/condor_outputs.log, condor_outputs/RA16_08/condor_outputs.log, condor_outputs/RA16_29/condor_outputs.log, condor_outputs/RA17_13/condor_outputs.log, condor_outputs/RA17_22/condor_outputs.log, condor_outputs/RA19_02/condor_outputs.log, condor_outputs/RA19_10/condor_outputs.log, condor_outputs/RA19_21/condor_outputs.log, condor_outputs/RA20_05/condor_outputs.log, condor_outputs/RA21_17/condor_outputs.log, condor_outputs/TP6/condor_outputs.log, condor_outputs/TP12/condor_outputs.log, condor_inputs/RA15_16/character_vaf_matrix.csv, condor_inputs/RA15_16/alt_readcounts.csv, condor_inputs/RA15_16/total_readcounts.csv, condor_inputs/RA15_16/character_bin_matrix.csv, condor_inputs/RA15_16/germline_mutations.txt, condor_inputs/RA15_16/somatic_mutations.txt
    output: condor_outputs/RA15_16/heatmaps/vaf_heatmap.png, condor_outputs/RA15_16/heatmaps/condor_solution_heatmap.png
    log: condor_outputs/RA15_16/heatmaps/heatmaps.log, condor_outputs/RA15_16/heatmaps/heatmaps.err.log
    jobid: 43
    reason: Missing output files: condor_outputs/RA15_16/heatmaps/condor_solution_heatmap.png; Input files updated by another job: condor_outputs/M13/condor_outputs.log, condor_outputs/RA17_22/condor_outputs.log, condor_outputs/RA15_16/condor_outputs.log, condor_outputs/RA21_17/condor_outputs.log, condor_outputs/RA20_05/condor_outputs.log, condor_inputs/RA15_16/character_vaf_matrix.csv, condor_inputs/RA15_16/character_bin_matrix.csv, condor_outputs/M12/condor_outputs.log, condor_outputs/RA16_29/condor_outputs.log, condor_outputs/RA19_02/condor_outputs.log, condor_inputs/RA15_16/somatic_mutations.txt, condor_outputs/RA19_10/condor_outputs.log, condor_inputs/RA15_16/germline_mutations.txt, condor_outputs/RA16_08/condor_outputs.log, condor_inputs/RA15_16/total_readcounts.csv, condor_outputs/TP12/condor_outputs.log, condor_outputs/RA19_21/condor_outputs.log, condor_outputs/RA15_06/condor_outputs.log, condor_outputs/TP6/condor_outputs.log, condor_inputs/RA15_16/alt_readcounts.csv, condor_outputs/M11/condor_outputs.log, condor_outputs/M07/condor_outputs.log
    wildcards: dataset=RA15_16
    threads: 4
    resources: mem_mb=8000, mem_mib=7630, disk_mb=1000, disk_mib=954, tmpdir=<TBD>, time_min=59

Submitted job 43 with external jobid '87359336 logs/cluster/generate_heatmaps/dataset=RA15_16/jobid43_0c8331c3-1cbb-4e7b-803a-00ce1b80824a.out'.

[Thu Nov  9 20:51:25 2023]
rule generate_heatmaps:
    input: condor_outputs/M04/condor_outputs.log, condor_outputs/M07/condor_outputs.log, condor_outputs/M11/condor_outputs.log, condor_outputs/M12/condor_outputs.log, condor_outputs/M13/condor_outputs.log, condor_outputs/RA15_06/condor_outputs.log, condor_outputs/RA15_16/condor_outputs.log, condor_outputs/RA16_08/condor_outputs.log, condor_outputs/RA16_29/condor_outputs.log, condor_outputs/RA17_13/condor_outputs.log, condor_outputs/RA17_22/condor_outputs.log, condor_outputs/RA19_02/condor_outputs.log, condor_outputs/RA19_10/condor_outputs.log, condor_outputs/RA19_21/condor_outputs.log, condor_outputs/RA20_05/condor_outputs.log, condor_outputs/RA21_17/condor_outputs.log, condor_outputs/TP6/condor_outputs.log, condor_outputs/TP12/condor_outputs.log, condor_inputs/RA20_05/character_vaf_matrix.csv, condor_inputs/RA20_05/alt_readcounts.csv, condor_inputs/RA20_05/total_readcounts.csv, condor_inputs/RA20_05/character_bin_matrix.csv, condor_inputs/RA20_05/germline_mutations.txt, condor_inputs/RA20_05/somatic_mutations.txt
    output: condor_outputs/RA20_05/heatmaps/vaf_heatmap.png, condor_outputs/RA20_05/heatmaps/condor_solution_heatmap.png
    log: condor_outputs/RA20_05/heatmaps/heatmaps.log, condor_outputs/RA20_05/heatmaps/heatmaps.err.log
    jobid: 51
    reason: Missing output files: condor_outputs/RA20_05/heatmaps/condor_solution_heatmap.png; Input files updated by another job: condor_outputs/M13/condor_outputs.log, condor_outputs/RA17_22/condor_outputs.log, condor_outputs/RA15_16/condor_outputs.log, condor_outputs/RA21_17/condor_outputs.log, condor_outputs/RA20_05/condor_outputs.log, condor_inputs/RA20_05/total_readcounts.csv, condor_inputs/RA20_05/character_bin_matrix.csv, condor_outputs/M12/condor_outputs.log, condor_outputs/RA16_29/condor_outputs.log, condor_inputs/RA20_05/somatic_mutations.txt, condor_outputs/RA19_02/condor_outputs.log, condor_outputs/RA19_10/condor_outputs.log, condor_outputs/RA16_08/condor_outputs.log, condor_inputs/RA20_05/germline_mutations.txt, condor_outputs/TP12/condor_outputs.log, condor_outputs/RA19_21/condor_outputs.log, condor_outputs/RA15_06/condor_outputs.log, condor_inputs/RA20_05/character_vaf_matrix.csv, condor_inputs/RA20_05/alt_readcounts.csv, condor_outputs/TP6/condor_outputs.log, condor_outputs/M11/condor_outputs.log, condor_outputs/M07/condor_outputs.log
    wildcards: dataset=RA20_05
    threads: 4
    resources: mem_mb=8000, mem_mib=7630, disk_mb=1000, disk_mib=954, tmpdir=<TBD>, time_min=59

Submitted job 51 with external jobid '87359337 logs/cluster/generate_heatmaps/dataset=RA20_05/jobid51_22b73a74-db6e-4068-a154-42a443652ff2.out'.

[Thu Nov  9 20:51:25 2023]
rule generate_heatmaps:
    input: condor_outputs/M04/condor_outputs.log, condor_outputs/M07/condor_outputs.log, condor_outputs/M11/condor_outputs.log, condor_outputs/M12/condor_outputs.log, condor_outputs/M13/condor_outputs.log, condor_outputs/RA15_06/condor_outputs.log, condor_outputs/RA15_16/condor_outputs.log, condor_outputs/RA16_08/condor_outputs.log, condor_outputs/RA16_29/condor_outputs.log, condor_outputs/RA17_13/condor_outputs.log, condor_outputs/RA17_22/condor_outputs.log, condor_outputs/RA19_02/condor_outputs.log, condor_outputs/RA19_10/condor_outputs.log, condor_outputs/RA19_21/condor_outputs.log, condor_outputs/RA20_05/condor_outputs.log, condor_outputs/RA21_17/condor_outputs.log, condor_outputs/TP6/condor_outputs.log, condor_outputs/TP12/condor_outputs.log, condor_inputs/RA16_29/character_vaf_matrix.csv, condor_inputs/RA16_29/alt_readcounts.csv, condor_inputs/RA16_29/total_readcounts.csv, condor_inputs/RA16_29/character_bin_matrix.csv, condor_inputs/RA16_29/germline_mutations.txt, condor_inputs/RA16_29/somatic_mutations.txt
    output: condor_outputs/RA16_29/heatmaps/vaf_heatmap.png, condor_outputs/RA16_29/heatmaps/condor_solution_heatmap.png
    log: condor_outputs/RA16_29/heatmaps/heatmaps.log, condor_outputs/RA16_29/heatmaps/heatmaps.err.log
    jobid: 45
    reason: Missing output files: condor_outputs/RA16_29/heatmaps/condor_solution_heatmap.png; Input files updated by another job: condor_outputs/M13/condor_outputs.log, condor_outputs/RA17_22/condor_outputs.log, condor_outputs/RA15_16/condor_outputs.log, condor_outputs/RA21_17/condor_outputs.log, condor_inputs/RA16_29/total_readcounts.csv, condor_outputs/RA20_05/condor_outputs.log, condor_inputs/RA16_29/alt_readcounts.csv, condor_inputs/RA16_29/character_vaf_matrix.csv, condor_inputs/RA16_29/somatic_mutations.txt, condor_outputs/M12/condor_outputs.log, condor_outputs/RA16_29/condor_outputs.log, condor_outputs/RA19_02/condor_outputs.log, condor_outputs/RA19_10/condor_outputs.log, condor_inputs/RA16_29/character_bin_matrix.csv, condor_inputs/RA16_29/germline_mutations.txt, condor_outputs/RA16_08/condor_outputs.log, condor_outputs/TP12/condor_outputs.log, condor_outputs/RA19_21/condor_outputs.log, condor_outputs/RA15_06/condor_outputs.log, condor_outputs/TP6/condor_outputs.log, condor_outputs/M11/condor_outputs.log, condor_outputs/M07/condor_outputs.log
    wildcards: dataset=RA16_29
    threads: 4
    resources: mem_mb=8000, mem_mib=7630, disk_mb=1000, disk_mib=954, tmpdir=<TBD>, time_min=59

Submitted job 45 with external jobid '87359338 logs/cluster/generate_heatmaps/dataset=RA16_29/jobid45_d2016026-829d-4946-a139-683ff11b4c2c.out'.

[Thu Nov  9 20:51:25 2023]
rule generate_heatmaps:
    input: condor_outputs/M04/condor_outputs.log, condor_outputs/M07/condor_outputs.log, condor_outputs/M11/condor_outputs.log, condor_outputs/M12/condor_outputs.log, condor_outputs/M13/condor_outputs.log, condor_outputs/RA15_06/condor_outputs.log, condor_outputs/RA15_16/condor_outputs.log, condor_outputs/RA16_08/condor_outputs.log, condor_outputs/RA16_29/condor_outputs.log, condor_outputs/RA17_13/condor_outputs.log, condor_outputs/RA17_22/condor_outputs.log, condor_outputs/RA19_02/condor_outputs.log, condor_outputs/RA19_10/condor_outputs.log, condor_outputs/RA19_21/condor_outputs.log, condor_outputs/RA20_05/condor_outputs.log, condor_outputs/RA21_17/condor_outputs.log, condor_outputs/TP6/condor_outputs.log, condor_outputs/TP12/condor_outputs.log, condor_inputs/M11/character_vaf_matrix.csv, condor_inputs/M11/alt_readcounts.csv, condor_inputs/M11/total_readcounts.csv, condor_inputs/M11/character_bin_matrix.csv, condor_inputs/M11/germline_mutations.txt, condor_inputs/M11/somatic_mutations.txt
    output: condor_outputs/M11/heatmaps/vaf_heatmap.png, condor_outputs/M11/heatmaps/condor_solution_heatmap.png
    log: condor_outputs/M11/heatmaps/heatmaps.log, condor_outputs/M11/heatmaps/heatmaps.err.log
    jobid: 39
    reason: Missing output files: condor_outputs/M11/heatmaps/condor_solution_heatmap.png; Input files updated by another job: condor_inputs/M11/total_readcounts.csv, condor_outputs/M13/condor_outputs.log, condor_outputs/RA17_22/condor_outputs.log, condor_outputs/RA15_16/condor_outputs.log, condor_outputs/RA21_17/condor_outputs.log, condor_outputs/RA20_05/condor_outputs.log, condor_inputs/M11/somatic_mutations.txt, condor_outputs/M12/condor_outputs.log, condor_outputs/RA16_29/condor_outputs.log, condor_outputs/RA19_02/condor_outputs.log, condor_outputs/RA19_10/condor_outputs.log, condor_inputs/M11/character_bin_matrix.csv, condor_inputs/M11/germline_mutations.txt, condor_outputs/RA16_08/condor_outputs.log, condor_outputs/TP12/condor_outputs.log, condor_inputs/M11/character_vaf_matrix.csv, condor_outputs/RA19_21/condor_outputs.log, condor_outputs/RA15_06/condor_outputs.log, condor_inputs/M11/alt_readcounts.csv, condor_outputs/TP6/condor_outputs.log, condor_outputs/M11/condor_outputs.log, condor_outputs/M07/condor_outputs.log
    wildcards: dataset=M11
    threads: 4
    resources: mem_mb=8000, mem_mib=7630, disk_mb=1000, disk_mib=954, tmpdir=<TBD>, time_min=59

Submitted job 39 with external jobid '87359339 logs/cluster/generate_heatmaps/dataset=M11/jobid39_63bb9452-c47b-42be-8402-6741be21c78b.out'.

[Thu Nov  9 20:51:25 2023]
rule generate_heatmaps:
    input: condor_outputs/M04/condor_outputs.log, condor_outputs/M07/condor_outputs.log, condor_outputs/M11/condor_outputs.log, condor_outputs/M12/condor_outputs.log, condor_outputs/M13/condor_outputs.log, condor_outputs/RA15_06/condor_outputs.log, condor_outputs/RA15_16/condor_outputs.log, condor_outputs/RA16_08/condor_outputs.log, condor_outputs/RA16_29/condor_outputs.log, condor_outputs/RA17_13/condor_outputs.log, condor_outputs/RA17_22/condor_outputs.log, condor_outputs/RA19_02/condor_outputs.log, condor_outputs/RA19_10/condor_outputs.log, condor_outputs/RA19_21/condor_outputs.log, condor_outputs/RA20_05/condor_outputs.log, condor_outputs/RA21_17/condor_outputs.log, condor_outputs/TP6/condor_outputs.log, condor_outputs/TP12/condor_outputs.log, condor_inputs/M13/character_vaf_matrix.csv, condor_inputs/M13/alt_readcounts.csv, condor_inputs/M13/total_readcounts.csv, condor_inputs/M13/character_bin_matrix.csv, condor_inputs/M13/germline_mutations.txt, condor_inputs/M13/somatic_mutations.txt
    output: condor_outputs/M13/heatmaps/vaf_heatmap.png, condor_outputs/M13/heatmaps/condor_solution_heatmap.png
    log: condor_outputs/M13/heatmaps/heatmaps.log, condor_outputs/M13/heatmaps/heatmaps.err.log
    jobid: 41
    reason: Missing output files: condor_outputs/M13/heatmaps/condor_solution_heatmap.png; Input files updated by another job: condor_outputs/M13/condor_outputs.log, condor_outputs/RA17_22/condor_outputs.log, condor_outputs/RA15_16/condor_outputs.log, condor_outputs/RA21_17/condor_outputs.log, condor_inputs/M13/total_readcounts.csv, condor_inputs/M13/character_vaf_matrix.csv, condor_outputs/RA20_05/condor_outputs.log, condor_inputs/M13/germline_mutations.txt, condor_inputs/M13/alt_readcounts.csv, condor_inputs/M13/character_bin_matrix.csv, condor_outputs/M12/condor_outputs.log, condor_outputs/RA16_29/condor_outputs.log, condor_outputs/RA19_02/condor_outputs.log, condor_inputs/M13/somatic_mutations.txt, condor_outputs/RA19_10/condor_outputs.log, condor_outputs/RA16_08/condor_outputs.log, condor_outputs/TP12/condor_outputs.log, condor_outputs/RA19_21/condor_outputs.log, condor_outputs/RA15_06/condor_outputs.log, condor_outputs/TP6/condor_outputs.log, condor_outputs/M11/condor_outputs.log, condor_outputs/M07/condor_outputs.log
    wildcards: dataset=M13
    threads: 4
    resources: mem_mb=8000, mem_mib=7630, disk_mb=1000, disk_mib=954, tmpdir=<TBD>, time_min=59

Submitted job 41 with external jobid '87359340 logs/cluster/generate_heatmaps/dataset=M13/jobid41_bb54158d-d04c-4f15-bb6d-ce16cea519f0.out'.

[Thu Nov  9 20:51:26 2023]
rule generate_heatmaps:
    input: condor_outputs/M04/condor_outputs.log, condor_outputs/M07/condor_outputs.log, condor_outputs/M11/condor_outputs.log, condor_outputs/M12/condor_outputs.log, condor_outputs/M13/condor_outputs.log, condor_outputs/RA15_06/condor_outputs.log, condor_outputs/RA15_16/condor_outputs.log, condor_outputs/RA16_08/condor_outputs.log, condor_outputs/RA16_29/condor_outputs.log, condor_outputs/RA17_13/condor_outputs.log, condor_outputs/RA17_22/condor_outputs.log, condor_outputs/RA19_02/condor_outputs.log, condor_outputs/RA19_10/condor_outputs.log, condor_outputs/RA19_21/condor_outputs.log, condor_outputs/RA20_05/condor_outputs.log, condor_outputs/RA21_17/condor_outputs.log, condor_outputs/TP6/condor_outputs.log, condor_outputs/TP12/condor_outputs.log, condor_inputs/RA17_22/character_vaf_matrix.csv, condor_inputs/RA17_22/alt_readcounts.csv, condor_inputs/RA17_22/total_readcounts.csv, condor_inputs/RA17_22/character_bin_matrix.csv, condor_inputs/RA17_22/germline_mutations.txt, condor_inputs/RA17_22/somatic_mutations.txt
    output: condor_outputs/RA17_22/heatmaps/vaf_heatmap.png, condor_outputs/RA17_22/heatmaps/condor_solution_heatmap.png
    log: condor_outputs/RA17_22/heatmaps/heatmaps.log, condor_outputs/RA17_22/heatmaps/heatmaps.err.log
    jobid: 47
    reason: Missing output files: condor_outputs/RA17_22/heatmaps/condor_solution_heatmap.png; Input files updated by another job: condor_outputs/M13/condor_outputs.log, condor_outputs/RA17_22/condor_outputs.log, condor_outputs/RA15_16/condor_outputs.log, condor_outputs/RA21_17/condor_outputs.log, condor_outputs/RA20_05/condor_outputs.log, condor_inputs/RA17_22/total_readcounts.csv, condor_inputs/RA17_22/character_bin_matrix.csv, condor_inputs/RA17_22/germline_mutations.txt, condor_inputs/RA17_22/somatic_mutations.txt, condor_outputs/M12/condor_outputs.log, condor_outputs/RA16_29/condor_outputs.log, condor_outputs/RA19_02/condor_outputs.log, condor_inputs/RA17_22/alt_readcounts.csv, condor_outputs/RA19_10/condor_outputs.log, condor_outputs/RA16_08/condor_outputs.log, condor_outputs/TP12/condor_outputs.log, condor_outputs/RA19_21/condor_outputs.log, condor_outputs/RA15_06/condor_outputs.log, condor_outputs/TP6/condor_outputs.log, condor_inputs/RA17_22/character_vaf_matrix.csv, condor_outputs/M11/condor_outputs.log, condor_outputs/M07/condor_outputs.log
    wildcards: dataset=RA17_22
    threads: 4
    resources: mem_mb=8000, mem_mib=7630, disk_mb=1000, disk_mib=954, tmpdir=<TBD>, time_min=59

Submitted job 47 with external jobid '87359341 logs/cluster/generate_heatmaps/dataset=RA17_22/jobid47_8c320b2e-b04e-45f6-ba2a-d3665f0c2558.out'.

[Thu Nov  9 20:51:26 2023]
rule generate_heatmaps:
    input: condor_outputs/M04/condor_outputs.log, condor_outputs/M07/condor_outputs.log, condor_outputs/M11/condor_outputs.log, condor_outputs/M12/condor_outputs.log, condor_outputs/M13/condor_outputs.log, condor_outputs/RA15_06/condor_outputs.log, condor_outputs/RA15_16/condor_outputs.log, condor_outputs/RA16_08/condor_outputs.log, condor_outputs/RA16_29/condor_outputs.log, condor_outputs/RA17_13/condor_outputs.log, condor_outputs/RA17_22/condor_outputs.log, condor_outputs/RA19_02/condor_outputs.log, condor_outputs/RA19_10/condor_outputs.log, condor_outputs/RA19_21/condor_outputs.log, condor_outputs/RA20_05/condor_outputs.log, condor_outputs/RA21_17/condor_outputs.log, condor_outputs/TP6/condor_outputs.log, condor_outputs/TP12/condor_outputs.log, condor_inputs/TP6/character_vaf_matrix.csv, condor_inputs/TP6/alt_readcounts.csv, condor_inputs/TP6/total_readcounts.csv, condor_inputs/TP6/character_bin_matrix.csv, condor_inputs/TP6/germline_mutations.txt, condor_inputs/TP6/somatic_mutations.txt
    output: condor_outputs/TP6/heatmaps/vaf_heatmap.png, condor_outputs/TP6/heatmaps/condor_solution_heatmap.png
    log: condor_outputs/TP6/heatmaps/heatmaps.log, condor_outputs/TP6/heatmaps/heatmaps.err.log
    jobid: 53
    reason: Missing output files: condor_outputs/TP6/heatmaps/condor_solution_heatmap.png; Input files updated by another job: condor_outputs/M13/condor_outputs.log, condor_outputs/RA17_22/condor_outputs.log, condor_outputs/RA15_16/condor_outputs.log, condor_outputs/RA21_17/condor_outputs.log, condor_outputs/RA20_05/condor_outputs.log, condor_inputs/TP6/alt_readcounts.csv, condor_inputs/TP6/germline_mutations.txt, condor_outputs/M12/condor_outputs.log, condor_outputs/RA16_29/condor_outputs.log, condor_inputs/TP6/total_readcounts.csv, condor_outputs/RA19_02/condor_outputs.log, condor_outputs/RA19_10/condor_outputs.log, condor_inputs/TP6/somatic_mutations.txt, condor_outputs/RA16_08/condor_outputs.log, condor_inputs/TP6/character_bin_matrix.csv, condor_outputs/TP12/condor_outputs.log, condor_outputs/RA19_21/condor_outputs.log, condor_outputs/RA15_06/condor_outputs.log, condor_outputs/TP6/condor_outputs.log, condor_outputs/M11/condor_outputs.log, condor_outputs/M07/condor_outputs.log, condor_inputs/TP6/character_vaf_matrix.csv
    wildcards: dataset=TP6
    threads: 4
    resources: mem_mb=8000, mem_mib=7630, disk_mb=1000, disk_mib=954, tmpdir=<TBD>, time_min=59

Submitted job 53 with external jobid '87359342 logs/cluster/generate_heatmaps/dataset=TP6/jobid53_fdf4c0ac-e23f-4bca-bceb-3954fa585eee.out'.

[Thu Nov  9 20:51:26 2023]
rule generate_heatmaps:
    input: condor_outputs/M04/condor_outputs.log, condor_outputs/M07/condor_outputs.log, condor_outputs/M11/condor_outputs.log, condor_outputs/M12/condor_outputs.log, condor_outputs/M13/condor_outputs.log, condor_outputs/RA15_06/condor_outputs.log, condor_outputs/RA15_16/condor_outputs.log, condor_outputs/RA16_08/condor_outputs.log, condor_outputs/RA16_29/condor_outputs.log, condor_outputs/RA17_13/condor_outputs.log, condor_outputs/RA17_22/condor_outputs.log, condor_outputs/RA19_02/condor_outputs.log, condor_outputs/RA19_10/condor_outputs.log, condor_outputs/RA19_21/condor_outputs.log, condor_outputs/RA20_05/condor_outputs.log, condor_outputs/RA21_17/condor_outputs.log, condor_outputs/TP6/condor_outputs.log, condor_outputs/TP12/condor_outputs.log, condor_inputs/RA19_21/character_vaf_matrix.csv, condor_inputs/RA19_21/alt_readcounts.csv, condor_inputs/RA19_21/total_readcounts.csv, condor_inputs/RA19_21/character_bin_matrix.csv, condor_inputs/RA19_21/germline_mutations.txt, condor_inputs/RA19_21/somatic_mutations.txt
    output: condor_outputs/RA19_21/heatmaps/vaf_heatmap.png, condor_outputs/RA19_21/heatmaps/condor_solution_heatmap.png
    log: condor_outputs/RA19_21/heatmaps/heatmaps.log, condor_outputs/RA19_21/heatmaps/heatmaps.err.log
    jobid: 50
    reason: Missing output files: condor_outputs/RA19_21/heatmaps/condor_solution_heatmap.png; Input files updated by another job: condor_outputs/M13/condor_outputs.log, condor_outputs/RA17_22/condor_outputs.log, condor_outputs/RA15_16/condor_outputs.log, condor_outputs/RA21_17/condor_outputs.log, condor_inputs/RA19_21/germline_mutations.txt, condor_outputs/RA20_05/condor_outputs.log, condor_inputs/RA19_21/total_readcounts.csv, condor_inputs/RA19_21/character_vaf_matrix.csv, condor_outputs/M12/condor_outputs.log, condor_outputs/RA16_29/condor_outputs.log, condor_inputs/RA19_21/alt_readcounts.csv, condor_outputs/RA19_02/condor_outputs.log, condor_outputs/RA19_10/condor_outputs.log, condor_outputs/RA16_08/condor_outputs.log, condor_inputs/RA19_21/somatic_mutations.txt, condor_outputs/TP12/condor_outputs.log, condor_inputs/RA19_21/character_bin_matrix.csv, condor_outputs/RA19_21/condor_outputs.log, condor_outputs/RA15_06/condor_outputs.log, condor_outputs/TP6/condor_outputs.log, condor_outputs/M11/condor_outputs.log, condor_outputs/M07/condor_outputs.log
    wildcards: dataset=RA19_21
    threads: 4
    resources: mem_mb=8000, mem_mib=7630, disk_mb=1000, disk_mib=954, tmpdir=<TBD>, time_min=59

Submitted job 50 with external jobid '87359343 logs/cluster/generate_heatmaps/dataset=RA19_21/jobid50_1998fa0f-d259-4581-9d2d-bddc43a2848a.out'.

[Thu Nov  9 20:51:26 2023]
rule generate_heatmaps:
    input: condor_outputs/M04/condor_outputs.log, condor_outputs/M07/condor_outputs.log, condor_outputs/M11/condor_outputs.log, condor_outputs/M12/condor_outputs.log, condor_outputs/M13/condor_outputs.log, condor_outputs/RA15_06/condor_outputs.log, condor_outputs/RA15_16/condor_outputs.log, condor_outputs/RA16_08/condor_outputs.log, condor_outputs/RA16_29/condor_outputs.log, condor_outputs/RA17_13/condor_outputs.log, condor_outputs/RA17_22/condor_outputs.log, condor_outputs/RA19_02/condor_outputs.log, condor_outputs/RA19_10/condor_outputs.log, condor_outputs/RA19_21/condor_outputs.log, condor_outputs/RA20_05/condor_outputs.log, condor_outputs/RA21_17/condor_outputs.log, condor_outputs/TP6/condor_outputs.log, condor_outputs/TP12/condor_outputs.log, condor_inputs/RA19_02/character_vaf_matrix.csv, condor_inputs/RA19_02/alt_readcounts.csv, condor_inputs/RA19_02/total_readcounts.csv, condor_inputs/RA19_02/character_bin_matrix.csv, condor_inputs/RA19_02/germline_mutations.txt, condor_inputs/RA19_02/somatic_mutations.txt
    output: condor_outputs/RA19_02/heatmaps/vaf_heatmap.png, condor_outputs/RA19_02/heatmaps/condor_solution_heatmap.png
    log: condor_outputs/RA19_02/heatmaps/heatmaps.log, condor_outputs/RA19_02/heatmaps/heatmaps.err.log
    jobid: 48
    reason: Missing output files: condor_outputs/RA19_02/heatmaps/condor_solution_heatmap.png; Input files updated by another job: condor_outputs/M13/condor_outputs.log, condor_outputs/RA17_22/condor_outputs.log, condor_outputs/RA15_16/condor_outputs.log, condor_outputs/RA21_17/condor_outputs.log, condor_outputs/RA20_05/condor_outputs.log, condor_inputs/RA19_02/total_readcounts.csv, condor_outputs/M12/condor_outputs.log, condor_outputs/RA16_29/condor_outputs.log, condor_outputs/RA19_02/condor_outputs.log, condor_inputs/RA19_02/alt_readcounts.csv, condor_outputs/RA19_10/condor_outputs.log, condor_outputs/RA16_08/condor_outputs.log, condor_outputs/TP12/condor_outputs.log, condor_outputs/RA19_21/condor_outputs.log, condor_outputs/RA15_06/condor_outputs.log, condor_inputs/RA19_02/character_vaf_matrix.csv, condor_inputs/RA19_02/character_bin_matrix.csv, condor_outputs/TP6/condor_outputs.log, condor_inputs/RA19_02/somatic_mutations.txt, condor_inputs/RA19_02/germline_mutations.txt, condor_outputs/M11/condor_outputs.log, condor_outputs/M07/condor_outputs.log
    wildcards: dataset=RA19_02
    threads: 4
    resources: mem_mb=8000, mem_mib=7630, disk_mb=1000, disk_mib=954, tmpdir=<TBD>, time_min=59

Submitted job 48 with external jobid '87359344 logs/cluster/generate_heatmaps/dataset=RA19_02/jobid48_f740428a-92ff-4035-8d0a-1e3a3bc0cdd6.out'.

[Thu Nov  9 20:51:26 2023]
rule generate_heatmaps:
    input: condor_outputs/M04/condor_outputs.log, condor_outputs/M07/condor_outputs.log, condor_outputs/M11/condor_outputs.log, condor_outputs/M12/condor_outputs.log, condor_outputs/M13/condor_outputs.log, condor_outputs/RA15_06/condor_outputs.log, condor_outputs/RA15_16/condor_outputs.log, condor_outputs/RA16_08/condor_outputs.log, condor_outputs/RA16_29/condor_outputs.log, condor_outputs/RA17_13/condor_outputs.log, condor_outputs/RA17_22/condor_outputs.log, condor_outputs/RA19_02/condor_outputs.log, condor_outputs/RA19_10/condor_outputs.log, condor_outputs/RA19_21/condor_outputs.log, condor_outputs/RA20_05/condor_outputs.log, condor_outputs/RA21_17/condor_outputs.log, condor_outputs/TP6/condor_outputs.log, condor_outputs/TP12/condor_outputs.log, condor_inputs/RA16_08/character_vaf_matrix.csv, condor_inputs/RA16_08/alt_readcounts.csv, condor_inputs/RA16_08/total_readcounts.csv, condor_inputs/RA16_08/character_bin_matrix.csv, condor_inputs/RA16_08/germline_mutations.txt, condor_inputs/RA16_08/somatic_mutations.txt
    output: condor_outputs/RA16_08/heatmaps/vaf_heatmap.png, condor_outputs/RA16_08/heatmaps/condor_solution_heatmap.png
    log: condor_outputs/RA16_08/heatmaps/heatmaps.log, condor_outputs/RA16_08/heatmaps/heatmaps.err.log
    jobid: 44
    reason: Missing output files: condor_outputs/RA16_08/heatmaps/condor_solution_heatmap.png; Input files updated by another job: condor_inputs/RA16_08/germline_mutations.txt, condor_outputs/M13/condor_outputs.log, condor_outputs/RA17_22/condor_outputs.log, condor_outputs/RA15_16/condor_outputs.log, condor_outputs/RA21_17/condor_outputs.log, condor_outputs/RA20_05/condor_outputs.log, condor_inputs/RA16_08/character_bin_matrix.csv, condor_inputs/RA16_08/total_readcounts.csv, condor_inputs/RA16_08/character_vaf_matrix.csv, condor_outputs/M12/condor_outputs.log, condor_outputs/RA16_29/condor_outputs.log, condor_outputs/RA19_02/condor_outputs.log, condor_outputs/RA19_10/condor_outputs.log, condor_outputs/RA16_08/condor_outputs.log, condor_outputs/TP12/condor_outputs.log, condor_inputs/RA16_08/alt_readcounts.csv, condor_outputs/RA19_21/condor_outputs.log, condor_outputs/RA15_06/condor_outputs.log, condor_outputs/TP6/condor_outputs.log, condor_outputs/M11/condor_outputs.log, condor_outputs/M07/condor_outputs.log, condor_inputs/RA16_08/somatic_mutations.txt
    wildcards: dataset=RA16_08
    threads: 4
    resources: mem_mb=8000, mem_mib=7630, disk_mb=1000, disk_mib=954, tmpdir=<TBD>, time_min=59

Submitted job 44 with external jobid '87359345 logs/cluster/generate_heatmaps/dataset=RA16_08/jobid44_2d21dbaf-2117-4104-83d9-0f3a4a587161.out'.

[Thu Nov  9 20:51:27 2023]
rule generate_heatmaps:
    input: condor_outputs/M04/condor_outputs.log, condor_outputs/M07/condor_outputs.log, condor_outputs/M11/condor_outputs.log, condor_outputs/M12/condor_outputs.log, condor_outputs/M13/condor_outputs.log, condor_outputs/RA15_06/condor_outputs.log, condor_outputs/RA15_16/condor_outputs.log, condor_outputs/RA16_08/condor_outputs.log, condor_outputs/RA16_29/condor_outputs.log, condor_outputs/RA17_13/condor_outputs.log, condor_outputs/RA17_22/condor_outputs.log, condor_outputs/RA19_02/condor_outputs.log, condor_outputs/RA19_10/condor_outputs.log, condor_outputs/RA19_21/condor_outputs.log, condor_outputs/RA20_05/condor_outputs.log, condor_outputs/RA21_17/condor_outputs.log, condor_outputs/TP6/condor_outputs.log, condor_outputs/TP12/condor_outputs.log, condor_inputs/M07/character_vaf_matrix.csv, condor_inputs/M07/alt_readcounts.csv, condor_inputs/M07/total_readcounts.csv, condor_inputs/M07/character_bin_matrix.csv, condor_inputs/M07/germline_mutations.txt, condor_inputs/M07/somatic_mutations.txt
    output: condor_outputs/M07/heatmaps/vaf_heatmap.png, condor_outputs/M07/heatmaps/condor_solution_heatmap.png
    log: condor_outputs/M07/heatmaps/heatmaps.log, condor_outputs/M07/heatmaps/heatmaps.err.log
    jobid: 38
    reason: Missing output files: condor_outputs/M07/heatmaps/condor_solution_heatmap.png; Input files updated by another job: condor_outputs/M13/condor_outputs.log, condor_outputs/RA17_22/condor_outputs.log, condor_outputs/RA15_16/condor_outputs.log, condor_outputs/RA21_17/condor_outputs.log, condor_outputs/RA20_05/condor_outputs.log, condor_inputs/M07/alt_readcounts.csv, condor_inputs/M07/somatic_mutations.txt, condor_inputs/M07/total_readcounts.csv, condor_outputs/M12/condor_outputs.log, condor_outputs/RA16_29/condor_outputs.log, condor_inputs/M07/character_vaf_matrix.csv, condor_outputs/RA19_02/condor_outputs.log, condor_outputs/RA19_10/condor_outputs.log, condor_inputs/M07/germline_mutations.txt, condor_outputs/RA16_08/condor_outputs.log, condor_outputs/TP12/condor_outputs.log, condor_outputs/RA19_21/condor_outputs.log, condor_outputs/RA15_06/condor_outputs.log, condor_inputs/M07/character_bin_matrix.csv, condor_outputs/TP6/condor_outputs.log, condor_outputs/M11/condor_outputs.log, condor_outputs/M07/condor_outputs.log
    wildcards: dataset=M07
    threads: 4
    resources: mem_mb=8000, mem_mib=7630, disk_mb=1000, disk_mib=954, tmpdir=<TBD>, time_min=59

Submitted job 38 with external jobid '87359346 logs/cluster/generate_heatmaps/dataset=M07/jobid38_bcbb4464-f6a3-44f7-8d44-a1b4ee0b20a1.out'.

[Thu Nov  9 20:51:27 2023]
rule generate_heatmaps:
    input: condor_outputs/M04/condor_outputs.log, condor_outputs/M07/condor_outputs.log, condor_outputs/M11/condor_outputs.log, condor_outputs/M12/condor_outputs.log, condor_outputs/M13/condor_outputs.log, condor_outputs/RA15_06/condor_outputs.log, condor_outputs/RA15_16/condor_outputs.log, condor_outputs/RA16_08/condor_outputs.log, condor_outputs/RA16_29/condor_outputs.log, condor_outputs/RA17_13/condor_outputs.log, condor_outputs/RA17_22/condor_outputs.log, condor_outputs/RA19_02/condor_outputs.log, condor_outputs/RA19_10/condor_outputs.log, condor_outputs/RA19_21/condor_outputs.log, condor_outputs/RA20_05/condor_outputs.log, condor_outputs/RA21_17/condor_outputs.log, condor_outputs/TP6/condor_outputs.log, condor_outputs/TP12/condor_outputs.log, condor_inputs/M12/character_vaf_matrix.csv, condor_inputs/M12/alt_readcounts.csv, condor_inputs/M12/total_readcounts.csv, condor_inputs/M12/character_bin_matrix.csv, condor_inputs/M12/germline_mutations.txt, condor_inputs/M12/somatic_mutations.txt
    output: condor_outputs/M12/heatmaps/vaf_heatmap.png, condor_outputs/M12/heatmaps/condor_solution_heatmap.png
    log: condor_outputs/M12/heatmaps/heatmaps.log, condor_outputs/M12/heatmaps/heatmaps.err.log
    jobid: 40
    reason: Missing output files: condor_outputs/M12/heatmaps/condor_solution_heatmap.png; Input files updated by another job: condor_outputs/M13/condor_outputs.log, condor_outputs/RA17_22/condor_outputs.log, condor_outputs/RA15_16/condor_outputs.log, condor_outputs/RA21_17/condor_outputs.log, condor_inputs/M12/total_readcounts.csv, condor_outputs/RA20_05/condor_outputs.log, condor_inputs/M12/somatic_mutations.txt, condor_outputs/M12/condor_outputs.log, condor_outputs/RA16_29/condor_outputs.log, condor_outputs/RA19_02/condor_outputs.log, condor_outputs/RA19_10/condor_outputs.log, condor_outputs/RA16_08/condor_outputs.log, condor_inputs/M12/character_bin_matrix.csv, condor_inputs/M12/germline_mutations.txt, condor_outputs/TP12/condor_outputs.log, condor_outputs/RA19_21/condor_outputs.log, condor_outputs/RA15_06/condor_outputs.log, condor_inputs/M12/character_vaf_matrix.csv, condor_outputs/TP6/condor_outputs.log, condor_inputs/M12/alt_readcounts.csv, condor_outputs/M11/condor_outputs.log, condor_outputs/M07/condor_outputs.log
    wildcards: dataset=M12
    threads: 4
    resources: mem_mb=8000, mem_mib=7630, disk_mb=1000, disk_mib=954, tmpdir=<TBD>, time_min=59

Submitted job 40 with external jobid '87359347 logs/cluster/generate_heatmaps/dataset=M12/jobid40_5684a273-3526-4e1b-952a-8e44ccb9bdc2.out'.

[Thu Nov  9 20:51:27 2023]
rule generate_heatmaps:
    input: condor_outputs/M04/condor_outputs.log, condor_outputs/M07/condor_outputs.log, condor_outputs/M11/condor_outputs.log, condor_outputs/M12/condor_outputs.log, condor_outputs/M13/condor_outputs.log, condor_outputs/RA15_06/condor_outputs.log, condor_outputs/RA15_16/condor_outputs.log, condor_outputs/RA16_08/condor_outputs.log, condor_outputs/RA16_29/condor_outputs.log, condor_outputs/RA17_13/condor_outputs.log, condor_outputs/RA17_22/condor_outputs.log, condor_outputs/RA19_02/condor_outputs.log, condor_outputs/RA19_10/condor_outputs.log, condor_outputs/RA19_21/condor_outputs.log, condor_outputs/RA20_05/condor_outputs.log, condor_outputs/RA21_17/condor_outputs.log, condor_outputs/TP6/condor_outputs.log, condor_outputs/TP12/condor_outputs.log, condor_inputs/RA21_17/character_vaf_matrix.csv, condor_inputs/RA21_17/alt_readcounts.csv, condor_inputs/RA21_17/total_readcounts.csv, condor_inputs/RA21_17/character_bin_matrix.csv, condor_inputs/RA21_17/germline_mutations.txt, condor_inputs/RA21_17/somatic_mutations.txt
    output: condor_outputs/RA21_17/heatmaps/vaf_heatmap.png, condor_outputs/RA21_17/heatmaps/condor_solution_heatmap.png
    log: condor_outputs/RA21_17/heatmaps/heatmaps.log, condor_outputs/RA21_17/heatmaps/heatmaps.err.log
    jobid: 52
    reason: Missing output files: condor_outputs/RA21_17/heatmaps/condor_solution_heatmap.png; Input files updated by another job: condor_outputs/M13/condor_outputs.log, condor_outputs/RA17_22/condor_outputs.log, condor_outputs/RA15_16/condor_outputs.log, condor_outputs/RA21_17/condor_outputs.log, condor_inputs/RA21_17/alt_readcounts.csv, condor_outputs/RA20_05/condor_outputs.log, condor_inputs/RA21_17/germline_mutations.txt, condor_inputs/RA21_17/character_bin_matrix.csv, condor_outputs/M12/condor_outputs.log, condor_outputs/RA16_29/condor_outputs.log, condor_outputs/RA19_02/condor_outputs.log, condor_outputs/RA19_10/condor_outputs.log, condor_outputs/RA16_08/condor_outputs.log, condor_inputs/RA21_17/somatic_mutations.txt, condor_outputs/TP12/condor_outputs.log, condor_inputs/RA21_17/character_vaf_matrix.csv, condor_outputs/RA19_21/condor_outputs.log, condor_outputs/RA15_06/condor_outputs.log, condor_outputs/TP6/condor_outputs.log, condor_inputs/RA21_17/total_readcounts.csv, condor_outputs/M11/condor_outputs.log, condor_outputs/M07/condor_outputs.log
    wildcards: dataset=RA21_17
    threads: 4
    resources: mem_mb=8000, mem_mib=7630, disk_mb=1000, disk_mib=954, tmpdir=<TBD>, time_min=59

Submitted job 52 with external jobid '87359348 logs/cluster/generate_heatmaps/dataset=RA21_17/jobid52_457fe515-21a7-492b-9cee-31108de36d4a.out'.

[Thu Nov  9 20:51:27 2023]
rule generate_heatmaps:
    input: condor_outputs/M04/condor_outputs.log, condor_outputs/M07/condor_outputs.log, condor_outputs/M11/condor_outputs.log, condor_outputs/M12/condor_outputs.log, condor_outputs/M13/condor_outputs.log, condor_outputs/RA15_06/condor_outputs.log, condor_outputs/RA15_16/condor_outputs.log, condor_outputs/RA16_08/condor_outputs.log, condor_outputs/RA16_29/condor_outputs.log, condor_outputs/RA17_13/condor_outputs.log, condor_outputs/RA17_22/condor_outputs.log, condor_outputs/RA19_02/condor_outputs.log, condor_outputs/RA19_10/condor_outputs.log, condor_outputs/RA19_21/condor_outputs.log, condor_outputs/RA20_05/condor_outputs.log, condor_outputs/RA21_17/condor_outputs.log, condor_outputs/TP6/condor_outputs.log, condor_outputs/TP12/condor_outputs.log, condor_inputs/TP12/character_vaf_matrix.csv, condor_inputs/TP12/alt_readcounts.csv, condor_inputs/TP12/total_readcounts.csv, condor_inputs/TP12/character_bin_matrix.csv, condor_inputs/TP12/germline_mutations.txt, condor_inputs/TP12/somatic_mutations.txt
    output: condor_outputs/TP12/heatmaps/vaf_heatmap.png, condor_outputs/TP12/heatmaps/condor_solution_heatmap.png
    log: condor_outputs/TP12/heatmaps/heatmaps.log, condor_outputs/TP12/heatmaps/heatmaps.err.log
    jobid: 54
    reason: Missing output files: condor_outputs/TP12/heatmaps/condor_solution_heatmap.png; Input files updated by another job: condor_outputs/M13/condor_outputs.log, condor_outputs/RA17_22/condor_outputs.log, condor_outputs/RA15_16/condor_outputs.log, condor_outputs/RA21_17/condor_outputs.log, condor_inputs/TP12/character_vaf_matrix.csv, condor_outputs/RA20_05/condor_outputs.log, condor_inputs/TP12/character_bin_matrix.csv, condor_inputs/TP12/total_readcounts.csv, condor_outputs/M12/condor_outputs.log, condor_outputs/RA16_29/condor_outputs.log, condor_outputs/RA19_02/condor_outputs.log, condor_outputs/RA19_10/condor_outputs.log, condor_outputs/RA16_08/condor_outputs.log, condor_inputs/TP12/alt_readcounts.csv, condor_outputs/TP12/condor_outputs.log, condor_outputs/RA19_21/condor_outputs.log, condor_outputs/RA15_06/condor_outputs.log, condor_inputs/TP12/germline_mutations.txt, condor_outputs/TP6/condor_outputs.log, condor_outputs/M11/condor_outputs.log, condor_outputs/M07/condor_outputs.log, condor_inputs/TP12/somatic_mutations.txt
    wildcards: dataset=TP12
    threads: 4
    resources: mem_mb=8000, mem_mib=7630, disk_mb=1000, disk_mib=954, tmpdir=<TBD>, time_min=59

Submitted job 54 with external jobid '87359349 logs/cluster/generate_heatmaps/dataset=TP12/jobid54_940025e0-1b0f-4a53-826d-e553073122c3.out'.

[Thu Nov  9 20:51:27 2023]
rule generate_heatmaps:
    input: condor_outputs/M04/condor_outputs.log, condor_outputs/M07/condor_outputs.log, condor_outputs/M11/condor_outputs.log, condor_outputs/M12/condor_outputs.log, condor_outputs/M13/condor_outputs.log, condor_outputs/RA15_06/condor_outputs.log, condor_outputs/RA15_16/condor_outputs.log, condor_outputs/RA16_08/condor_outputs.log, condor_outputs/RA16_29/condor_outputs.log, condor_outputs/RA17_13/condor_outputs.log, condor_outputs/RA17_22/condor_outputs.log, condor_outputs/RA19_02/condor_outputs.log, condor_outputs/RA19_10/condor_outputs.log, condor_outputs/RA19_21/condor_outputs.log, condor_outputs/RA20_05/condor_outputs.log, condor_outputs/RA21_17/condor_outputs.log, condor_outputs/TP6/condor_outputs.log, condor_outputs/TP12/condor_outputs.log, condor_inputs/RA15_06/character_vaf_matrix.csv, condor_inputs/RA15_06/alt_readcounts.csv, condor_inputs/RA15_06/total_readcounts.csv, condor_inputs/RA15_06/character_bin_matrix.csv, condor_inputs/RA15_06/germline_mutations.txt, condor_inputs/RA15_06/somatic_mutations.txt
    output: condor_outputs/RA15_06/heatmaps/vaf_heatmap.png, condor_outputs/RA15_06/heatmaps/condor_solution_heatmap.png
    log: condor_outputs/RA15_06/heatmaps/heatmaps.log, condor_outputs/RA15_06/heatmaps/heatmaps.err.log
    jobid: 42
    reason: Missing output files: condor_outputs/RA15_06/heatmaps/condor_solution_heatmap.png; Input files updated by another job: condor_outputs/M13/condor_outputs.log, condor_outputs/RA17_22/condor_outputs.log, condor_outputs/RA15_16/condor_outputs.log, condor_outputs/RA21_17/condor_outputs.log, condor_inputs/RA15_06/somatic_mutations.txt, condor_inputs/RA15_06/germline_mutations.txt, condor_outputs/RA20_05/condor_outputs.log, condor_inputs/RA15_06/alt_readcounts.csv, condor_outputs/M12/condor_outputs.log, condor_outputs/RA16_29/condor_outputs.log, condor_inputs/RA15_06/total_readcounts.csv, condor_outputs/RA19_02/condor_outputs.log, condor_outputs/RA19_10/condor_outputs.log, condor_outputs/RA16_08/condor_outputs.log, condor_inputs/RA15_06/character_bin_matrix.csv, condor_outputs/TP12/condor_outputs.log, condor_outputs/RA19_21/condor_outputs.log, condor_outputs/RA15_06/condor_outputs.log, condor_outputs/TP6/condor_outputs.log, condor_outputs/M11/condor_outputs.log, condor_outputs/M07/condor_outputs.log, condor_inputs/RA15_06/character_vaf_matrix.csv
    wildcards: dataset=RA15_06
    threads: 4
    resources: mem_mb=8000, mem_mib=7630, disk_mb=1000, disk_mib=954, tmpdir=<TBD>, time_min=59

Submitted job 42 with external jobid '87359350 logs/cluster/generate_heatmaps/dataset=RA15_06/jobid42_65d8a6bc-204e-4f8f-8398-cbb9db15ed7e.out'.

[Thu Nov  9 20:51:28 2023]
rule generate_heatmaps:
    input: condor_outputs/M04/condor_outputs.log, condor_outputs/M07/condor_outputs.log, condor_outputs/M11/condor_outputs.log, condor_outputs/M12/condor_outputs.log, condor_outputs/M13/condor_outputs.log, condor_outputs/RA15_06/condor_outputs.log, condor_outputs/RA15_16/condor_outputs.log, condor_outputs/RA16_08/condor_outputs.log, condor_outputs/RA16_29/condor_outputs.log, condor_outputs/RA17_13/condor_outputs.log, condor_outputs/RA17_22/condor_outputs.log, condor_outputs/RA19_02/condor_outputs.log, condor_outputs/RA19_10/condor_outputs.log, condor_outputs/RA19_21/condor_outputs.log, condor_outputs/RA20_05/condor_outputs.log, condor_outputs/RA21_17/condor_outputs.log, condor_outputs/TP6/condor_outputs.log, condor_outputs/TP12/condor_outputs.log, condor_inputs/RA17_13/character_vaf_matrix.csv, condor_inputs/RA17_13/alt_readcounts.csv, condor_inputs/RA17_13/total_readcounts.csv, condor_inputs/RA17_13/character_bin_matrix.csv, condor_inputs/RA17_13/germline_mutations.txt, condor_inputs/RA17_13/somatic_mutations.txt
    output: condor_outputs/RA17_13/heatmaps/vaf_heatmap.png, condor_outputs/RA17_13/heatmaps/condor_solution_heatmap.png
    log: condor_outputs/RA17_13/heatmaps/heatmaps.log, condor_outputs/RA17_13/heatmaps/heatmaps.err.log
    jobid: 46
    reason: Input files updated by another job: condor_outputs/M12/condor_outputs.log, condor_outputs/RA16_29/condor_outputs.log, condor_outputs/RA19_02/condor_outputs.log, condor_outputs/M13/condor_outputs.log, condor_outputs/RA17_22/condor_outputs.log, condor_outputs/RA19_10/condor_outputs.log, condor_outputs/RA21_17/condor_outputs.log, condor_outputs/RA20_05/condor_outputs.log, condor_outputs/RA16_08/condor_outputs.log, condor_outputs/M07/condor_outputs.log, condor_outputs/TP12/condor_outputs.log, condor_outputs/RA19_21/condor_outputs.log, condor_outputs/RA15_06/condor_outputs.log, condor_outputs/TP6/condor_outputs.log, condor_outputs/M11/condor_outputs.log, condor_outputs/RA15_16/condor_outputs.log; Set of input files has changed since last execution
    wildcards: dataset=RA17_13
    threads: 4
    resources: mem_mb=8000, mem_mib=7630, disk_mb=1000, disk_mib=954, tmpdir=<TBD>, time_min=59

Submitted job 46 with external jobid '87359351 logs/cluster/generate_heatmaps/dataset=RA17_13/jobid46_383b7a7d-5841-41ef-885a-cc2dd1186ff4.out'.

[Thu Nov  9 20:51:28 2023]
rule generate_heatmaps:
    input: condor_outputs/M04/condor_outputs.log, condor_outputs/M07/condor_outputs.log, condor_outputs/M11/condor_outputs.log, condor_outputs/M12/condor_outputs.log, condor_outputs/M13/condor_outputs.log, condor_outputs/RA15_06/condor_outputs.log, condor_outputs/RA15_16/condor_outputs.log, condor_outputs/RA16_08/condor_outputs.log, condor_outputs/RA16_29/condor_outputs.log, condor_outputs/RA17_13/condor_outputs.log, condor_outputs/RA17_22/condor_outputs.log, condor_outputs/RA19_02/condor_outputs.log, condor_outputs/RA19_10/condor_outputs.log, condor_outputs/RA19_21/condor_outputs.log, condor_outputs/RA20_05/condor_outputs.log, condor_outputs/RA21_17/condor_outputs.log, condor_outputs/TP6/condor_outputs.log, condor_outputs/TP12/condor_outputs.log, condor_inputs/RA19_10/character_vaf_matrix.csv, condor_inputs/RA19_10/alt_readcounts.csv, condor_inputs/RA19_10/total_readcounts.csv, condor_inputs/RA19_10/character_bin_matrix.csv, condor_inputs/RA19_10/germline_mutations.txt, condor_inputs/RA19_10/somatic_mutations.txt
    output: condor_outputs/RA19_10/heatmaps/vaf_heatmap.png, condor_outputs/RA19_10/heatmaps/condor_solution_heatmap.png
    log: condor_outputs/RA19_10/heatmaps/heatmaps.log, condor_outputs/RA19_10/heatmaps/heatmaps.err.log
    jobid: 49
    reason: Missing output files: condor_outputs/RA19_10/heatmaps/condor_solution_heatmap.png; Input files updated by another job: condor_outputs/M13/condor_outputs.log, condor_outputs/RA17_22/condor_outputs.log, condor_outputs/RA15_16/condor_outputs.log, condor_outputs/RA21_17/condor_outputs.log, condor_outputs/RA20_05/condor_outputs.log, condor_inputs/RA19_10/total_readcounts.csv, condor_inputs/RA19_10/germline_mutations.txt, condor_inputs/RA19_10/character_bin_matrix.csv, condor_outputs/M12/condor_outputs.log, condor_outputs/RA16_29/condor_outputs.log, condor_outputs/RA19_02/condor_outputs.log, condor_outputs/RA19_10/condor_outputs.log, condor_inputs/RA19_10/somatic_mutations.txt, condor_outputs/RA16_08/condor_outputs.log, condor_outputs/TP12/condor_outputs.log, condor_outputs/RA19_21/condor_outputs.log, condor_outputs/RA15_06/condor_outputs.log, condor_inputs/RA19_10/character_vaf_matrix.csv, condor_outputs/TP6/condor_outputs.log, condor_inputs/RA19_10/alt_readcounts.csv, condor_outputs/M11/condor_outputs.log, condor_outputs/M07/condor_outputs.log
    wildcards: dataset=RA19_10
    threads: 4
    resources: mem_mb=8000, mem_mib=7630, disk_mb=1000, disk_mib=954, tmpdir=<TBD>, time_min=59

Submitted job 49 with external jobid '87359352 logs/cluster/generate_heatmaps/dataset=RA19_10/jobid49_548d94f0-527f-4490-b6bd-cd42653c9c64.out'.
[Thu Nov  9 20:51:56 2023]
Finished job 37.
33 of 51 steps (65%) done
[Thu Nov  9 20:51:56 2023]
Finished job 43.
34 of 51 steps (67%) done
[Thu Nov  9 20:51:56 2023]
Finished job 51.
35 of 51 steps (69%) done
[Thu Nov  9 20:51:56 2023]
Finished job 45.
36 of 51 steps (71%) done
[Thu Nov  9 20:51:56 2023]
Finished job 39.
37 of 51 steps (73%) done
[Thu Nov  9 20:51:56 2023]
Finished job 41.
38 of 51 steps (75%) done
[Thu Nov  9 20:51:56 2023]
Finished job 47.
39 of 51 steps (76%) done
[Thu Nov  9 20:51:56 2023]
Finished job 53.
40 of 51 steps (78%) done
[Thu Nov  9 20:51:56 2023]
Finished job 50.
41 of 51 steps (80%) done
[Thu Nov  9 20:51:56 2023]
Finished job 48.
42 of 51 steps (82%) done
[Thu Nov  9 20:51:56 2023]
Finished job 44.
43 of 51 steps (84%) done
[Thu Nov  9 20:51:56 2023]
Finished job 38.
44 of 51 steps (86%) done
[Thu Nov  9 20:51:56 2023]
Finished job 40.
45 of 51 steps (88%) done
[Thu Nov  9 20:51:56 2023]
Finished job 52.
46 of 51 steps (90%) done
[Thu Nov  9 20:51:56 2023]
Finished job 54.
47 of 51 steps (92%) done
[Thu Nov  9 20:51:56 2023]
Finished job 42.
48 of 51 steps (94%) done
[Thu Nov  9 20:51:57 2023]
Finished job 46.
49 of 51 steps (96%) done
[Thu Nov  9 20:51:57 2023]
Finished job 49.
50 of 51 steps (98%) done
Select jobs to execute...

[Thu Nov  9 20:51:57 2023]
localrule all:
    input: condor_inputs/M04/character_vaf_matrix.csv, condor_inputs/M07/character_vaf_matrix.csv, condor_inputs/M11/character_vaf_matrix.csv, condor_inputs/M12/character_vaf_matrix.csv, condor_inputs/M13/character_vaf_matrix.csv, condor_inputs/RA15_06/character_vaf_matrix.csv, condor_inputs/RA15_16/character_vaf_matrix.csv, condor_inputs/RA16_08/character_vaf_matrix.csv, condor_inputs/RA16_29/character_vaf_matrix.csv, condor_inputs/RA17_13/character_vaf_matrix.csv, condor_inputs/RA17_22/character_vaf_matrix.csv, condor_inputs/RA19_02/character_vaf_matrix.csv, condor_inputs/RA19_10/character_vaf_matrix.csv, condor_inputs/RA19_21/character_vaf_matrix.csv, condor_inputs/RA20_05/character_vaf_matrix.csv, condor_inputs/RA21_17/character_vaf_matrix.csv, condor_inputs/TP6/character_vaf_matrix.csv, condor_inputs/TP12/character_vaf_matrix.csv, condor_outputs/M04/out_tree.newick, condor_outputs/M07/out_tree.newick, condor_outputs/M11/out_tree.newick, condor_outputs/M12/out_tree.newick, condor_outputs/M13/out_tree.newick, condor_outputs/RA15_06/out_tree.newick, condor_outputs/RA15_16/out_tree.newick, condor_outputs/RA16_08/out_tree.newick, condor_outputs/RA16_29/out_tree.newick, condor_outputs/RA17_13/out_tree.newick, condor_outputs/RA17_22/out_tree.newick, condor_outputs/RA19_02/out_tree.newick, condor_outputs/RA19_10/out_tree.newick, condor_outputs/RA19_21/out_tree.newick, condor_outputs/RA20_05/out_tree.newick, condor_outputs/RA21_17/out_tree.newick, condor_outputs/TP6/out_tree.newick, condor_outputs/TP12/out_tree.newick, condor_outputs/M04/heatmaps/condor_solution_heatmap.png, condor_outputs/M07/heatmaps/condor_solution_heatmap.png, condor_outputs/M11/heatmaps/condor_solution_heatmap.png, condor_outputs/M12/heatmaps/condor_solution_heatmap.png, condor_outputs/M13/heatmaps/condor_solution_heatmap.png, condor_outputs/RA15_06/heatmaps/condor_solution_heatmap.png, condor_outputs/RA15_16/heatmaps/condor_solution_heatmap.png, condor_outputs/RA16_08/heatmaps/condor_solution_heatmap.png, condor_outputs/RA16_29/heatmaps/condor_solution_heatmap.png, condor_outputs/RA17_13/heatmaps/condor_solution_heatmap.png, condor_outputs/RA17_22/heatmaps/condor_solution_heatmap.png, condor_outputs/RA19_02/heatmaps/condor_solution_heatmap.png, condor_outputs/RA19_10/heatmaps/condor_solution_heatmap.png, condor_outputs/RA19_21/heatmaps/condor_solution_heatmap.png, condor_outputs/RA20_05/heatmaps/condor_solution_heatmap.png, condor_outputs/RA21_17/heatmaps/condor_solution_heatmap.png, condor_outputs/TP6/heatmaps/condor_solution_heatmap.png, condor_outputs/TP12/heatmaps/condor_solution_heatmap.png
    jobid: 0
    reason: Input files updated by another job: condor_inputs/TP12/character_vaf_matrix.csv, condor_outputs/M12/heatmaps/condor_solution_heatmap.png, condor_inputs/RA15_16/character_vaf_matrix.csv, condor_inputs/RA16_29/character_vaf_matrix.csv, condor_outputs/RA15_06/out_tree.newick, condor_outputs/M04/heatmaps/condor_solution_heatmap.png, condor_outputs/RA21_17/out_tree.newick, condor_inputs/M07/character_vaf_matrix.csv, condor_outputs/TP6/out_tree.newick, condor_outputs/M13/out_tree.newick, condor_outputs/RA19_10/out_tree.newick, condor_outputs/M07/heatmaps/condor_solution_heatmap.png, condor_outputs/RA15_16/heatmaps/condor_solution_heatmap.png, condor_outputs/RA19_02/heatmaps/condor_solution_heatmap.png, condor_outputs/RA17_22/heatmaps/condor_solution_heatmap.png, condor_outputs/RA16_08/out_tree.newick, condor_inputs/M12/character_vaf_matrix.csv, condor_outputs/RA16_08/heatmaps/condor_solution_heatmap.png, condor_inputs/RA19_02/character_vaf_matrix.csv, condor_inputs/RA19_10/character_vaf_matrix.csv, condor_outputs/M07/out_tree.newick, condor_outputs/M11/heatmaps/condor_solution_heatmap.png, condor_inputs/RA15_06/character_vaf_matrix.csv, condor_outputs/RA19_21/out_tree.newick, condor_outputs/RA15_06/heatmaps/condor_solution_heatmap.png, condor_inputs/RA16_08/character_vaf_matrix.csv, condor_inputs/TP6/character_vaf_matrix.csv, condor_outputs/RA17_22/out_tree.newick, condor_inputs/M13/character_vaf_matrix.csv, condor_outputs/RA19_10/heatmaps/condor_solution_heatmap.png, condor_outputs/RA20_05/heatmaps/condor_solution_heatmap.png, condor_outputs/RA16_29/out_tree.newick, condor_outputs/RA19_02/out_tree.newick, condor_outputs/RA17_13/heatmaps/condor_solution_heatmap.png, condor_outputs/RA19_21/heatmaps/condor_solution_heatmap.png, condor_outputs/TP6/heatmaps/condor_solution_heatmap.png, condor_outputs/RA20_05/out_tree.newick, condor_inputs/RA19_21/character_vaf_matrix.csv, condor_outputs/M13/heatmaps/condor_solution_heatmap.png, condor_outputs/RA21_17/heatmaps/condor_solution_heatmap.png, condor_outputs/M12/out_tree.newick, condor_outputs/TP12/out_tree.newick, condor_outputs/M11/out_tree.newick, condor_inputs/M11/character_vaf_matrix.csv, condor_inputs/RA21_17/character_vaf_matrix.csv, condor_inputs/RA20_05/character_vaf_matrix.csv, condor_outputs/RA16_29/heatmaps/condor_solution_heatmap.png, condor_inputs/RA17_22/character_vaf_matrix.csv, condor_outputs/TP12/heatmaps/condor_solution_heatmap.png, condor_outputs/RA15_16/out_tree.newick
    resources: mem_mb=1000, mem_mib=954, disk_mb=1000, disk_mib=954, tmpdir=/scratch/username

[Thu Nov  9 20:51:57 2023]
Finished job 0.
51 of 51 steps (100%) done
Complete log: ../full-ConDoR/.snakemake/log/2023-11-09T204403.368860.snakemake.log
