Building DAG of jobs...
Using shell: /usr/bin/bash
Provided cluster nodes: 3000
Job stats:
job                  count
-----------------  -------
all                      1
condor_inputs            1
fast_condor              1
generate_heatmaps        2
total                    5

Select jobs to execute...

[Thu Nov  9 19:59:32 2023]
rule condor_inputs:
    input: /home/zhangh5/work/Tapestri_batch2/analysis/condor_pipeline/0-opt_nclones/RA17_13.sample_sc_clone_assignment.updated.csv
    output: condor_inputs/RA17_13/character_vaf_matrix.csv, condor_inputs/RA17_13/character_bin_matrix.csv, condor_inputs/RA17_13/alt_readcounts.csv, condor_inputs/RA17_13/total_readcounts.csv, condor_inputs/RA17_13/germline_mutations.txt, condor_inputs/RA17_13/somatic_mutations.txt
    log: condor_inputs/RA17_13/condor_inputs.log, condor_inputs/RA17_13/condor_inputs.err.log
    jobid: 2
    reason: Missing output files: condor_inputs/RA17_13/character_bin_matrix.csv, condor_inputs/RA17_13/character_vaf_matrix.csv, condor_inputs/RA17_13/somatic_mutations.txt, condor_inputs/RA17_13/total_readcounts.csv, condor_inputs/RA17_13/germline_mutations.txt, condor_inputs/RA17_13/alt_readcounts.csv
    wildcards: dataset=RA17_13
    threads: 4
    resources: mem_mb=8000, mem_mib=7630, disk_mb=1000, disk_mib=954, tmpdir=<TBD>, time_min=59

Submitted job 2 with external jobid '87359072 logs/cluster/condor_inputs/dataset=RA17_13/jobid2_198d241d-4b97-489f-a706-41c590049d53.out'.
[Thu Nov  9 20:00:23 2023]
Finished job 2.
1 of 5 steps (20%) done
Select jobs to execute...

[Thu Nov  9 20:00:23 2023]
rule fast_condor:
    input: condor_inputs/RA17_13/character_bin_matrix.csv, condor_inputs/RA17_13/alt_readcounts.csv, condor_inputs/RA17_13/total_readcounts.csv, condor_inputs/RA17_13/germline_mutations.txt, condor_inputs/RA17_13/somatic_mutations.txt
    log: condor_outputs/RA17_13/condor_outputs.log, condor_outputs/RA17_13/condor_outputs.err.log
    jobid: 4
    reason: Missing output files: condor_outputs/RA17_13/condor_outputs.log; Input files updated by another job: condor_inputs/RA17_13/character_bin_matrix.csv, condor_inputs/RA17_13/total_readcounts.csv, condor_inputs/RA17_13/alt_readcounts.csv, condor_inputs/RA17_13/germline_mutations.txt, condor_inputs/RA17_13/somatic_mutations.txt
    wildcards: dataset=RA17_13
    threads: 4
    resources: mem_mb=1000, mem_mib=954, disk_mb=1000, disk_mib=954, tmpdir=<TBD>, mem_gb=16, time_min=119

Submitted job 4 with external jobid '87359074 logs/cluster/fast_condor/dataset=RA17_13/jobid4_6d71de54-ce3a-4431-8c2a-c159e8e8a082.out'.
[Thu Nov  9 20:01:44 2023]
Error in rule fast_condor:
    jobid: 4
    input: condor_inputs/RA17_13/character_bin_matrix.csv, condor_inputs/RA17_13/alt_readcounts.csv, condor_inputs/RA17_13/total_readcounts.csv, condor_inputs/RA17_13/germline_mutations.txt, condor_inputs/RA17_13/somatic_mutations.txt
    log: condor_outputs/RA17_13/condor_outputs.log, condor_outputs/RA17_13/condor_outputs.err.log (check log file(s) for error details)
    conda-env: condor
    shell:
        
		python /home/zhangh5/work/Tapestri_batch2/analysis/full-ConDoR/fast-ConDoR/src/fast-condor.py 			-i condor_inputs/RA17_13/character_bin_matrix.csv 			-r condor_inputs/RA17_13/total_readcounts.csv 			-v condor_inputs/RA17_13/alt_readcounts.csv 			-s condor_inputs/RA17_13/germline_mutations.txt 			-s2 condor_inputs/RA17_13/somatic_mutations.txt 			-o condor_outputs/RA17_13/out 			-m /home/zhangh5/work/Tapestri_batch2/analysis/full-ConDoR/references/amplicon_panel.csv 			-c /home/zhangh5/work/Tapestri_batch2/batch2_data_compiled/SNV_FILLOUT_results/ 			-d RA17_13 			1> condor_outputs/RA17_13/condor_outputs.log 2> condor_outputs/RA17_13/condor_outputs.err.log
		
        (one of the commands exited with non-zero exit code; note that snakemake uses bash strict mode!)
    cluster_jobid: 87359074 logs/cluster/fast_condor/dataset=RA17_13/jobid4_6d71de54-ce3a-4431-8c2a-c159e8e8a082.out

Error executing rule fast_condor on cluster (jobid: 4, external: 87359074 logs/cluster/fast_condor/dataset=RA17_13/jobid4_6d71de54-ce3a-4431-8c2a-c159e8e8a082.out, jobscript: /juno/work/iacobuzc/haochen/Tapestri_batch2/analysis/condor_pipeline/.snakemake/tmp.qfio2oq9/snakejob.fast_condor.4.sh). For error details see the cluster log and the log files of the involved rule(s).
Trying to restart job 4.
Select jobs to execute...

[Thu Nov  9 20:01:44 2023]
rule fast_condor:
    input: condor_inputs/RA17_13/character_bin_matrix.csv, condor_inputs/RA17_13/alt_readcounts.csv, condor_inputs/RA17_13/total_readcounts.csv, condor_inputs/RA17_13/germline_mutations.txt, condor_inputs/RA17_13/somatic_mutations.txt
    log: condor_outputs/RA17_13/condor_outputs.log, condor_outputs/RA17_13/condor_outputs.err.log
    jobid: 4
    reason: Missing output files: condor_outputs/RA17_13/condor_outputs.log; Input files updated by another job: condor_inputs/RA17_13/character_bin_matrix.csv, condor_inputs/RA17_13/total_readcounts.csv, condor_inputs/RA17_13/alt_readcounts.csv, condor_inputs/RA17_13/germline_mutations.txt, condor_inputs/RA17_13/somatic_mutations.txt
    wildcards: dataset=RA17_13
    threads: 8
    resources: mem_mb=1000, mem_mib=954, disk_mb=1000, disk_mib=954, tmpdir=<TBD>, mem_gb=16, time_min=238

Submitted job 4 with external jobid '87359079 logs/cluster/fast_condor/dataset=RA17_13/jobid4_d2bf41ce-8469-44ec-b295-f007116a6482.out'.
[Thu Nov  9 20:02:35 2023]
Error in rule fast_condor:
    jobid: 4
    input: condor_inputs/RA17_13/character_bin_matrix.csv, condor_inputs/RA17_13/alt_readcounts.csv, condor_inputs/RA17_13/total_readcounts.csv, condor_inputs/RA17_13/germline_mutations.txt, condor_inputs/RA17_13/somatic_mutations.txt
    log: condor_outputs/RA17_13/condor_outputs.log, condor_outputs/RA17_13/condor_outputs.err.log (check log file(s) for error details)
    conda-env: condor
    shell:
        
		python /home/zhangh5/work/Tapestri_batch2/analysis/full-ConDoR/fast-ConDoR/src/fast-condor.py 			-i condor_inputs/RA17_13/character_bin_matrix.csv 			-r condor_inputs/RA17_13/total_readcounts.csv 			-v condor_inputs/RA17_13/alt_readcounts.csv 			-s condor_inputs/RA17_13/germline_mutations.txt 			-s2 condor_inputs/RA17_13/somatic_mutations.txt 			-o condor_outputs/RA17_13/out 			-m /home/zhangh5/work/Tapestri_batch2/analysis/full-ConDoR/references/amplicon_panel.csv 			-c /home/zhangh5/work/Tapestri_batch2/batch2_data_compiled/SNV_FILLOUT_results/ 			-d RA17_13 			1> condor_outputs/RA17_13/condor_outputs.log 2> condor_outputs/RA17_13/condor_outputs.err.log
		
        (one of the commands exited with non-zero exit code; note that snakemake uses bash strict mode!)
    cluster_jobid: 87359079 logs/cluster/fast_condor/dataset=RA17_13/jobid4_d2bf41ce-8469-44ec-b295-f007116a6482.out

Error executing rule fast_condor on cluster (jobid: 4, external: 87359079 logs/cluster/fast_condor/dataset=RA17_13/jobid4_d2bf41ce-8469-44ec-b295-f007116a6482.out, jobscript: /juno/work/iacobuzc/haochen/Tapestri_batch2/analysis/condor_pipeline/.snakemake/tmp.qfio2oq9/snakejob.fast_condor.4.sh). For error details see the cluster log and the log files of the involved rule(s).
Trying to restart job 4.
Select jobs to execute...

[Thu Nov  9 20:02:35 2023]
rule fast_condor:
    input: condor_inputs/RA17_13/character_bin_matrix.csv, condor_inputs/RA17_13/alt_readcounts.csv, condor_inputs/RA17_13/total_readcounts.csv, condor_inputs/RA17_13/germline_mutations.txt, condor_inputs/RA17_13/somatic_mutations.txt
    log: condor_outputs/RA17_13/condor_outputs.log, condor_outputs/RA17_13/condor_outputs.err.log
    jobid: 4
    reason: Missing output files: condor_outputs/RA17_13/condor_outputs.log; Input files updated by another job: condor_inputs/RA17_13/character_bin_matrix.csv, condor_inputs/RA17_13/total_readcounts.csv, condor_inputs/RA17_13/alt_readcounts.csv, condor_inputs/RA17_13/germline_mutations.txt, condor_inputs/RA17_13/somatic_mutations.txt
    wildcards: dataset=RA17_13
    threads: 12
    resources: mem_mb=1000, mem_mib=954, disk_mb=1000, disk_mib=954, tmpdir=<TBD>, mem_gb=16, time_min=357

Terminating processes on user request, this might take some time.
1 out of 1 calls to --cluster-cancel failed.  This is safe to ignore in most cases.
Complete log: ../full-ConDoR/.snakemake/log/2023-11-09T195917.883759.snakemake.log
