Building DAG of jobs...
Using shell: /usr/bin/bash
Provided cluster nodes: 3000
Job stats:
job                  count
-----------------  -------
all                      1
fast_condor              1
generate_heatmaps        2
total                    4

Select jobs to execute...

[Thu Nov  9 20:11:42 2023]
rule fast_condor:
    input: condor_inputs/RA17_13/character_bin_matrix.csv, condor_inputs/RA17_13/alt_readcounts.csv, condor_inputs/RA17_13/total_readcounts.csv, condor_inputs/RA17_13/germline_mutations.txt, condor_inputs/RA17_13/somatic_mutations.txt
    output: condor_outputs/RA17_13/out_tree.newick
    log: condor_outputs/RA17_13/condor_outputs.log, condor_outputs/RA17_13/condor_outputs.err.log
    jobid: 4
    reason: Missing output files: condor_outputs/RA17_13/out_tree.newick; Updated input files: condor_inputs/RA17_13/alt_readcounts.csv, condor_inputs/RA17_13/total_readcounts.csv, condor_inputs/RA17_13/germline_mutations.txt, condor_inputs/RA17_13/somatic_mutations.txt, condor_inputs/RA17_13/character_bin_matrix.csv
    wildcards: dataset=RA17_13
    threads: 4
    resources: mem_mb=1000, mem_mib=954, disk_mb=1000, disk_mib=954, tmpdir=<TBD>, mem_gb=16, time_min=119

Submitted job 4 with external jobid '87359126 logs/cluster/fast_condor/dataset=RA17_13/jobid4_892e6a7a-794b-4b4f-b20a-b1af392388cf.out'.
[Thu Nov  9 20:12:16 2023]
Finished job 4.
1 of 4 steps (25%) done
Select jobs to execute...

[Thu Nov  9 20:12:16 2023]
rule generate_heatmaps:
    input: condor_outputs/M04/condor_outputs.log, condor_outputs/RA17_13/condor_outputs.log, condor_inputs/M04/character_vaf_matrix.csv, condor_inputs/M04/alt_readcounts.csv, condor_inputs/M04/total_readcounts.csv, condor_inputs/M04/character_bin_matrix.csv, condor_inputs/M04/germline_mutations.txt, condor_inputs/M04/somatic_mutations.txt
    output: condor_outputs/M04/heatmaps/vaf_heatmap.png, condor_outputs/M04/heatmaps/condor_solution_heatmap.png
    log: condor_outputs/M04/heatmaps/heatmaps.log, condor_outputs/M04/heatmaps/heatmaps.err.log
    jobid: 5
    reason: Input files updated by another job: condor_outputs/RA17_13/condor_outputs.log
    wildcards: dataset=M04
    threads: 4
    resources: mem_mb=8000, mem_mib=7630, disk_mb=1000, disk_mib=954, tmpdir=<TBD>, time_min=59

Submitted job 5 with external jobid '87359131 logs/cluster/generate_heatmaps/dataset=M04/jobid5_d3764a2b-0347-462d-85cc-715a1994fa4d.out'.

[Thu Nov  9 20:12:17 2023]
rule generate_heatmaps:
    input: condor_outputs/M04/condor_outputs.log, condor_outputs/RA17_13/condor_outputs.log, condor_inputs/RA17_13/character_vaf_matrix.csv, condor_inputs/RA17_13/alt_readcounts.csv, condor_inputs/RA17_13/total_readcounts.csv, condor_inputs/RA17_13/character_bin_matrix.csv, condor_inputs/RA17_13/germline_mutations.txt, condor_inputs/RA17_13/somatic_mutations.txt
    output: condor_outputs/RA17_13/heatmaps/vaf_heatmap.png, condor_outputs/RA17_13/heatmaps/condor_solution_heatmap.png
    log: condor_outputs/RA17_13/heatmaps/heatmaps.log, condor_outputs/RA17_13/heatmaps/heatmaps.err.log
    jobid: 6
    reason: Missing output files: condor_outputs/RA17_13/heatmaps/condor_solution_heatmap.png; Input files updated by another job: condor_outputs/RA17_13/condor_outputs.log
    wildcards: dataset=RA17_13
    threads: 4
    resources: mem_mb=8000, mem_mib=7630, disk_mb=1000, disk_mib=954, tmpdir=<TBD>, time_min=59

Submitted job 6 with external jobid '87359132 logs/cluster/generate_heatmaps/dataset=RA17_13/jobid6_0d7c0c95-f9f0-4a2a-8c78-f819b8e97a58.out'.
[Thu Nov  9 20:12:32 2023]
Finished job 5.
2 of 4 steps (50%) done
[Thu Nov  9 20:12:32 2023]
Finished job 6.
3 of 4 steps (75%) done
Select jobs to execute...

[Thu Nov  9 20:12:32 2023]
localrule all:
    input: condor_inputs/M04/character_vaf_matrix.csv, condor_inputs/RA17_13/character_vaf_matrix.csv, condor_outputs/M04/out_tree.newick, condor_outputs/RA17_13/out_tree.newick, condor_outputs/M04/heatmaps/condor_solution_heatmap.png, condor_outputs/RA17_13/heatmaps/condor_solution_heatmap.png
    jobid: 0
    reason: Input files updated by another job: condor_outputs/RA17_13/out_tree.newick, condor_outputs/M04/heatmaps/condor_solution_heatmap.png, condor_outputs/RA17_13/heatmaps/condor_solution_heatmap.png
    resources: mem_mb=1000, mem_mib=954, disk_mb=1000, disk_mib=954, tmpdir=/scratch/username

[Thu Nov  9 20:12:32 2023]
Finished job 0.
4 of 4 steps (100%) done
Complete log: ../full-ConDoR/.snakemake/log/2023-11-09T201140.324935.snakemake.log
