Building DAG of jobs...
Using shell: /usr/bin/bash
Provided cluster nodes: 3000
Job stats:
job                  count
-----------------  -------
all                      1
condor_inputs            1
fast_condor              1
generate_heatmaps        1
total                    4

Select jobs to execute...

[Thu Nov  9 19:36:00 2023]
rule condor_inputs:
    input: /home/zhangh5/work/Tapestri_batch2/analysis/condor_pipeline/0-opt_nclones/M04.sample_sc_clone_assignment.updated.csv
    output: condor_inputs/M04/character_vaf_matrix.csv, condor_inputs/M04/character_bin_matrix.csv, condor_inputs/M04/alt_readcounts.csv, condor_inputs/M04/total_readcounts.csv, condor_inputs/M04/germline_mutations.txt, condor_inputs/M04/somatic_mutations.txt
    log: condor_inputs/M04/condor_inputs.log, condor_inputs/M04/condor_inputs.err.log
    jobid: 1
    reason: Missing output files: condor_inputs/M04/total_readcounts.csv, condor_inputs/M04/character_bin_matrix.csv, condor_inputs/M04/somatic_mutations.txt, condor_inputs/M04/germline_mutations.txt, condor_inputs/M04/alt_readcounts.csv, condor_inputs/M04/character_vaf_matrix.csv; Set of input files has changed since last execution
    wildcards: dataset=M04
    threads: 4
    resources: mem_mb=8000, mem_mib=7630, disk_mb=1000, disk_mib=954, tmpdir=<TBD>, time_min=59

Submitted job 1 with external jobid '87358983 logs/cluster/condor_inputs/dataset=M04/jobid1_45509c09-8947-4737-92cf-6ff0dc517b8c.out'.
[Thu Nov  9 19:36:21 2023]
Error in rule condor_inputs:
    jobid: 1
    input: /home/zhangh5/work/Tapestri_batch2/analysis/condor_pipeline/0-opt_nclones/M04.sample_sc_clone_assignment.updated.csv
    output: condor_inputs/M04/character_vaf_matrix.csv, condor_inputs/M04/character_bin_matrix.csv, condor_inputs/M04/alt_readcounts.csv, condor_inputs/M04/total_readcounts.csv, condor_inputs/M04/germline_mutations.txt, condor_inputs/M04/somatic_mutations.txt
    log: condor_inputs/M04/condor_inputs.log, condor_inputs/M04/condor_inputs.err.log (check log file(s) for error details)
    conda-env: /home/zhangh5/work/Tapestri_batch2/pipeline_results_custom/conda/01198ab3b39d3b775749c05fbfb5806b_
    shell:
        
		python /home/zhangh5/work/Tapestri_batch2/analysis/condor_pipeline/scripts/generate_condor_input.py 			-d M04 			-l /home/zhangh5/work/Tapestri_batch2/batch2_data_compiled/SNV_FILLOUT_results/ 			-i /home/zhangh5/work/Tapestri_batch2/analysis/condor_pipeline/0-opt_nclones/M04.sample_sc_clone_assignment.updated.csv 			-snvs /home/zhangh5/work/Tapestri_batch2/batch2_data_compiled/manual_annotated_snv_lists/M04-patient-all_vars-voi.hz.txt 			-v condor_inputs/M04/character_vaf_matrix.csv 			-m condor_inputs/M04/character_bin_matrix.csv 			-a condor_inputs/M04/alt_readcounts.csv 			-t condor_inputs/M04/total_readcounts.csv 			-g condor_inputs/M04/germline_mutations.txt 			-s condor_inputs/M04/somatic_mutations.txt 			1> condor_inputs/M04/condor_inputs.log 2> condor_inputs/M04/condor_inputs.err.log
		
        (one of the commands exited with non-zero exit code; note that snakemake uses bash strict mode!)
    cluster_jobid: 87358983 logs/cluster/condor_inputs/dataset=M04/jobid1_45509c09-8947-4737-92cf-6ff0dc517b8c.out

Error executing rule condor_inputs on cluster (jobid: 1, external: 87358983 logs/cluster/condor_inputs/dataset=M04/jobid1_45509c09-8947-4737-92cf-6ff0dc517b8c.out, jobscript: /juno/work/iacobuzc/haochen/Tapestri_batch2/analysis/condor_pipeline/.snakemake/tmp.qu5fjaxa/snakejob.condor_inputs.1.sh). For error details see the cluster log and the log files of the involved rule(s).
Trying to restart job 1.
Select jobs to execute...

[Thu Nov  9 19:36:21 2023]
rule condor_inputs:
    input: /home/zhangh5/work/Tapestri_batch2/analysis/condor_pipeline/0-opt_nclones/M04.sample_sc_clone_assignment.updated.csv
    output: condor_inputs/M04/character_vaf_matrix.csv, condor_inputs/M04/character_bin_matrix.csv, condor_inputs/M04/alt_readcounts.csv, condor_inputs/M04/total_readcounts.csv, condor_inputs/M04/germline_mutations.txt, condor_inputs/M04/somatic_mutations.txt
    log: condor_inputs/M04/condor_inputs.log, condor_inputs/M04/condor_inputs.err.log
    jobid: 1
    reason: Missing output files: condor_inputs/M04/total_readcounts.csv, condor_inputs/M04/character_bin_matrix.csv, condor_inputs/M04/somatic_mutations.txt, condor_inputs/M04/germline_mutations.txt, condor_inputs/M04/alt_readcounts.csv, condor_inputs/M04/character_vaf_matrix.csv; Set of input files has changed since last execution
    wildcards: dataset=M04
    threads: 8
    resources: mem_mb=8000, mem_mib=7630, disk_mb=1000, disk_mib=954, tmpdir=<TBD>, time_min=118

Submitted job 1 with external jobid '87358984 logs/cluster/condor_inputs/dataset=M04/jobid1_7b0878c3-3e40-4842-b95b-08df3810b45a.out'.
[Thu Nov  9 19:36:31 2023]
Error in rule condor_inputs:
    jobid: 1
    input: /home/zhangh5/work/Tapestri_batch2/analysis/condor_pipeline/0-opt_nclones/M04.sample_sc_clone_assignment.updated.csv
    output: condor_inputs/M04/character_vaf_matrix.csv, condor_inputs/M04/character_bin_matrix.csv, condor_inputs/M04/alt_readcounts.csv, condor_inputs/M04/total_readcounts.csv, condor_inputs/M04/germline_mutations.txt, condor_inputs/M04/somatic_mutations.txt
    log: condor_inputs/M04/condor_inputs.log, condor_inputs/M04/condor_inputs.err.log (check log file(s) for error details)
    conda-env: /home/zhangh5/work/Tapestri_batch2/pipeline_results_custom/conda/01198ab3b39d3b775749c05fbfb5806b_
    shell:
        
		python /home/zhangh5/work/Tapestri_batch2/analysis/condor_pipeline/scripts/generate_condor_input.py 			-d M04 			-l /home/zhangh5/work/Tapestri_batch2/batch2_data_compiled/SNV_FILLOUT_results/ 			-i /home/zhangh5/work/Tapestri_batch2/analysis/condor_pipeline/0-opt_nclones/M04.sample_sc_clone_assignment.updated.csv 			-snvs /home/zhangh5/work/Tapestri_batch2/batch2_data_compiled/manual_annotated_snv_lists/M04-patient-all_vars-voi.hz.txt 			-v condor_inputs/M04/character_vaf_matrix.csv 			-m condor_inputs/M04/character_bin_matrix.csv 			-a condor_inputs/M04/alt_readcounts.csv 			-t condor_inputs/M04/total_readcounts.csv 			-g condor_inputs/M04/germline_mutations.txt 			-s condor_inputs/M04/somatic_mutations.txt 			1> condor_inputs/M04/condor_inputs.log 2> condor_inputs/M04/condor_inputs.err.log
		
        (one of the commands exited with non-zero exit code; note that snakemake uses bash strict mode!)
    cluster_jobid: 87358984 logs/cluster/condor_inputs/dataset=M04/jobid1_7b0878c3-3e40-4842-b95b-08df3810b45a.out

Error executing rule condor_inputs on cluster (jobid: 1, external: 87358984 logs/cluster/condor_inputs/dataset=M04/jobid1_7b0878c3-3e40-4842-b95b-08df3810b45a.out, jobscript: /juno/work/iacobuzc/haochen/Tapestri_batch2/analysis/condor_pipeline/.snakemake/tmp.qu5fjaxa/snakejob.condor_inputs.1.sh). For error details see the cluster log and the log files of the involved rule(s).
Trying to restart job 1.
Select jobs to execute...

[Thu Nov  9 19:36:31 2023]
rule condor_inputs:
    input: /home/zhangh5/work/Tapestri_batch2/analysis/condor_pipeline/0-opt_nclones/M04.sample_sc_clone_assignment.updated.csv
    output: condor_inputs/M04/character_vaf_matrix.csv, condor_inputs/M04/character_bin_matrix.csv, condor_inputs/M04/alt_readcounts.csv, condor_inputs/M04/total_readcounts.csv, condor_inputs/M04/germline_mutations.txt, condor_inputs/M04/somatic_mutations.txt
    log: condor_inputs/M04/condor_inputs.log, condor_inputs/M04/condor_inputs.err.log
    jobid: 1
    reason: Missing output files: condor_inputs/M04/total_readcounts.csv, condor_inputs/M04/character_bin_matrix.csv, condor_inputs/M04/somatic_mutations.txt, condor_inputs/M04/germline_mutations.txt, condor_inputs/M04/alt_readcounts.csv, condor_inputs/M04/character_vaf_matrix.csv; Set of input files has changed since last execution
    wildcards: dataset=M04
    threads: 12
    resources: mem_mb=8000, mem_mib=7630, disk_mb=1000, disk_mib=954, tmpdir=<TBD>, time_min=177

Submitted job 1 with external jobid '87358985 logs/cluster/condor_inputs/dataset=M04/jobid1_ddfc718c-2668-4bb7-ac71-209dfe5a053d.out'.
[Thu Nov  9 19:36:41 2023]
Error in rule condor_inputs:
    jobid: 1
    input: /home/zhangh5/work/Tapestri_batch2/analysis/condor_pipeline/0-opt_nclones/M04.sample_sc_clone_assignment.updated.csv
    output: condor_inputs/M04/character_vaf_matrix.csv, condor_inputs/M04/character_bin_matrix.csv, condor_inputs/M04/alt_readcounts.csv, condor_inputs/M04/total_readcounts.csv, condor_inputs/M04/germline_mutations.txt, condor_inputs/M04/somatic_mutations.txt
    log: condor_inputs/M04/condor_inputs.log, condor_inputs/M04/condor_inputs.err.log (check log file(s) for error details)
    conda-env: /home/zhangh5/work/Tapestri_batch2/pipeline_results_custom/conda/01198ab3b39d3b775749c05fbfb5806b_
    shell:
        
		python /home/zhangh5/work/Tapestri_batch2/analysis/condor_pipeline/scripts/generate_condor_input.py 			-d M04 			-l /home/zhangh5/work/Tapestri_batch2/batch2_data_compiled/SNV_FILLOUT_results/ 			-i /home/zhangh5/work/Tapestri_batch2/analysis/condor_pipeline/0-opt_nclones/M04.sample_sc_clone_assignment.updated.csv 			-snvs /home/zhangh5/work/Tapestri_batch2/batch2_data_compiled/manual_annotated_snv_lists/M04-patient-all_vars-voi.hz.txt 			-v condor_inputs/M04/character_vaf_matrix.csv 			-m condor_inputs/M04/character_bin_matrix.csv 			-a condor_inputs/M04/alt_readcounts.csv 			-t condor_inputs/M04/total_readcounts.csv 			-g condor_inputs/M04/germline_mutations.txt 			-s condor_inputs/M04/somatic_mutations.txt 			1> condor_inputs/M04/condor_inputs.log 2> condor_inputs/M04/condor_inputs.err.log
		
        (one of the commands exited with non-zero exit code; note that snakemake uses bash strict mode!)
    cluster_jobid: 87358985 logs/cluster/condor_inputs/dataset=M04/jobid1_ddfc718c-2668-4bb7-ac71-209dfe5a053d.out

Error executing rule condor_inputs on cluster (jobid: 1, external: 87358985 logs/cluster/condor_inputs/dataset=M04/jobid1_ddfc718c-2668-4bb7-ac71-209dfe5a053d.out, jobscript: /juno/work/iacobuzc/haochen/Tapestri_batch2/analysis/condor_pipeline/.snakemake/tmp.qu5fjaxa/snakejob.condor_inputs.1.sh). For error details see the cluster log and the log files of the involved rule(s).
Shutting down, this might take some time.
Exiting because a job execution failed. Look above for error message
Complete log: ../full-ConDoR/.snakemake/log/2023-11-09T193544.284486.snakemake.log
