Building DAG of jobs...
Using shell: /usr/bin/bash
Provided cluster nodes: 3000
Job stats:
job                  count
-----------------  -------
all                      1
generate_heatmaps        1
total                    2

Select jobs to execute...

[Thu Nov  9 19:57:49 2023]
rule generate_heatmaps:
    input: condor_outputs/M04/condor_outputs.log, condor_inputs/M04/character_vaf_matrix.csv, condor_inputs/M04/alt_readcounts.csv, condor_inputs/M04/total_readcounts.csv, condor_inputs/M04/character_bin_matrix.csv, condor_inputs/M04/germline_mutations.txt, condor_inputs/M04/somatic_mutations.txt
    output: condor_outputs/M04/heatmaps/vaf_heatmap.png, condor_outputs/M04/heatmaps/condor_solution_heatmap.png
    log: condor_outputs/M04/heatmaps/heatmaps.log, condor_outputs/M04/heatmaps/heatmaps.err.log
    jobid: 3
    reason: Missing output files: condor_outputs/M04/heatmaps/condor_solution_heatmap.png
    wildcards: dataset=M04
    threads: 4
    resources: mem_mb=8000, mem_mib=7630, disk_mb=1000, disk_mib=954, tmpdir=<TBD>, time_min=59

Submitted job 3 with external jobid '87359070 logs/cluster/generate_heatmaps/dataset=M04/jobid3_be672f45-0602-407d-bc7f-0c48e45333d6.out'.
[Thu Nov  9 19:58:35 2023]
Finished job 3.
1 of 2 steps (50%) done
Select jobs to execute...

[Thu Nov  9 19:58:35 2023]
localrule all:
    input: condor_inputs/M04/character_vaf_matrix.csv, condor_outputs/M04/condor_outputs.log, condor_outputs/M04/heatmaps/condor_solution_heatmap.png
    jobid: 0
    reason: Input files updated by another job: condor_outputs/M04/heatmaps/condor_solution_heatmap.png
    resources: mem_mb=1000, mem_mib=954, disk_mb=1000, disk_mib=954, tmpdir=/scratch/username

[Thu Nov  9 19:58:35 2023]
Finished job 0.
2 of 2 steps (100%) done
Complete log: ../full-ConDoR/.snakemake/log/2023-11-09T195732.848345.snakemake.log
